2025-02-23T17:50:05: PM2 log: ===============================================================================
2025-02-23T17:50:05: PM2 log: --- New PM2 Daemon started ----------------------------------------------------
2025-02-23T17:50:05: PM2 log: Time                 : Sun Feb 23 2025 17:50:05 GMT+0000 (Coordinated Universal Time)
2025-02-23T17:50:05: PM2 log: PM2 version          : 5.4.3
2025-02-23T17:50:05: PM2 log: Node.js version      : 18.20.6
2025-02-23T17:50:05: PM2 log: Current arch         : x64
2025-02-23T17:50:05: PM2 log: PM2 home             : /root/.pm2
2025-02-23T17:50:05: PM2 log: PM2 PID file         : /root/.pm2/pm2.pid
2025-02-23T17:50:05: PM2 log: RPC socket file      : /root/.pm2/rpc.sock
2025-02-23T17:50:05: PM2 log: BUS socket file      : /root/.pm2/pub.sock
2025-02-23T17:50:05: PM2 log: Application log path : /root/.pm2/logs
2025-02-23T17:50:05: PM2 log: Worker Interval      : 30000
2025-02-23T17:50:05: PM2 log: Process dump file    : /root/.pm2/dump.pm2
2025-02-23T17:50:05: PM2 log: Concurrent actions   : 2
2025-02-23T17:50:05: PM2 log: SIGTERM timeout      : 1600
2025-02-23T17:50:05: PM2 log: ===============================================================================
2025-02-23T17:50:05: PM2 log: App [server:0] starting in -fork mode-
2025-02-23T17:50:05: PM2 log: App [server:0] online
2025-02-23T17:59:50: PM2 log: App [server:0] exited with code [0] via signal [SIGKILL]
2025-02-23T17:59:50: PM2 log: App [server:0] starting in -fork mode-
2025-02-23T17:59:50: PM2 log: App [server:0] online
2025-02-23T18:01:05: PM2 log: App [server:0] exited with code [0] via signal [SIGKILL]
2025-02-23T18:01:05: PM2 log: App [server:0] starting in -fork mode-
2025-02-23T18:01:05: PM2 log: App [server:0] online
2025-02-23T18:02:25: PM2 log: App [server:0] exited with code [0] via signal [SIGKILL]
2025-02-23T18:02:25: PM2 log: App [server:0] starting in -fork mode-
2025-02-23T18:02:25: PM2 log: App [server:0] online
2025-02-23T18:04:48: PM2 log: App [server:0] exited with code [0] via signal [SIGKILL]
2025-02-23T18:04:48: PM2 log: App [server:0] starting in -fork mode-
2025-02-23T18:04:48: PM2 log: App [server:0] online
2025-02-23T18:07:02: PM2 log: App [server:0] exited with code [0] via signal [SIGKILL]
2025-02-23T18:07:02: PM2 log: App [server:0] starting in -fork mode-
2025-02-23T18:07:02: PM2 log: App [server:0] online
2025-02-23T18:08:02: PM2 log: App [server:0] exited with code [0] via signal [SIGKILL]
2025-02-23T18:08:02: PM2 log: App [server:0] starting in -fork mode-
2025-02-23T18:08:02: PM2 log: App [server:0] online
2025-02-23T18:09:26: PM2 log: App [server:0] exited with code [0] via signal [SIGKILL]
2025-02-23T18:09:26: PM2 log: App [server:0] starting in -fork mode-
2025-02-23T18:09:26: PM2 log: App [server:0] online
2025-02-23T18:09:56: PM2 log: pm2 has been killed by signal, dumping process list before exit...
2025-02-23T18:09:56: PM2 log: Deleting process 0
2025-02-23T18:09:56: PM2 log: Stopping app:server id:0
2025-02-23T18:09:56: PM2 log: App [server:0] exited with code [0] via signal [SIGHUP]
2025-02-23T18:09:56: PM2 log: pid=60107 msg=process killed
2025-02-23T18:09:56: PM2 log: Exited peacefully
