0 verbose cli /usr/bin/node /usr/bin/npm
1 info using npm@10.8.2
2 info using node@v18.20.6
3 silly config load:file:/usr/lib/node_modules/npm/npmrc
4 silly config load:file:/root/.npmrc
5 silly config load:file:/usr/etc/npmrc
6 verbose title npm install express swagger-jsdoc swagger-ui-express cors body-parser
7 verbose argv "install" "express" "swagger-jsdoc" "swagger-ui-express" "cors" "body-parser"
8 verbose logfile logs-max:10 dir:/root/.npm/_logs/2025-02-23T17_14_52_207Z-
9 verbose logfile /root/.npm/_logs/2025-02-23T17_14_52_207Z-debug-0.log
10 silly packumentCache heap:957349888 maxSize:239337472 maxEntrySize:119668736
11 silly logfile done cleaning log files
12 silly idealTree buildDeps
13 silly fetch manifest express@*
14 silly packumentCache full:https://registry.npmjs.org/express cache-miss
15 http fetch GET 200 https://registry.npmjs.org/npm 150ms
16 http fetch GET 200 https://registry.npmjs.org/express 170ms (cache miss)
17 silly packumentCache full:https://registry.npmjs.org/express set size:undefined disposed:false
18 silly fetch manifest swagger-jsdoc@*
19 silly packumentCache full:https://registry.npmjs.org/swagger-jsdoc cache-miss
20 http fetch GET 200 https://registry.npmjs.org/swagger-jsdoc 60ms (cache miss)
21 silly packumentCache full:https://registry.npmjs.org/swagger-jsdoc set size:undefined disposed:false
22 silly fetch manifest swagger-ui-express@*
23 silly packumentCache full:https://registry.npmjs.org/swagger-ui-express cache-miss
24 http fetch GET 200 https://registry.npmjs.org/swagger-ui-express 42ms (cache miss)
25 silly packumentCache full:https://registry.npmjs.org/swagger-ui-express set size:undefined disposed:false
26 silly fetch manifest cors@*
27 silly packumentCache full:https://registry.npmjs.org/cors cache-miss
28 http fetch GET 200 https://registry.npmjs.org/cors 35ms (cache miss)
29 silly packumentCache full:https://registry.npmjs.org/cors set size:undefined disposed:false
30 silly fetch manifest body-parser@*
31 silly packumentCache full:https://registry.npmjs.org/body-parser cache-miss
32 http fetch GET 200 https://registry.npmjs.org/body-parser 47ms (cache miss)
33 silly packumentCache full:https://registry.npmjs.org/body-parser set size:undefined disposed:false
34 silly placeDep ROOT body-parser@1.20.3 OK for:  want: *
35 silly placeDep ROOT cors@2.8.5 OK for:  want: *
36 silly placeDep ROOT express@4.21.2 OK for:  want: *
37 silly placeDep ROOT swagger-jsdoc@6.2.8 OK for:  want: *
38 silly placeDep ROOT swagger-ui-express@5.0.1 OK for:  want: *
39 silly fetch manifest qs@6.13.0
40 silly packumentCache full:https://registry.npmjs.org/qs cache-miss
41 http fetch GET 200 https://registry.npmjs.org/qs 61ms (cache miss)
42 silly packumentCache full:https://registry.npmjs.org/qs set size:undefined disposed:false
43 silly fetch manifest depd@2.0.0
44 silly packumentCache full:https://registry.npmjs.org/depd cache-miss
45 http fetch GET 200 https://registry.npmjs.org/depd 31ms (cache miss)
46 silly packumentCache full:https://registry.npmjs.org/depd set size:undefined disposed:false
47 silly fetch manifest bytes@3.1.2
48 silly packumentCache full:https://registry.npmjs.org/bytes cache-miss
49 http fetch GET 200 https://registry.npmjs.org/bytes 38ms (cache miss)
50 silly packumentCache full:https://registry.npmjs.org/bytes set size:undefined disposed:false
51 silly fetch manifest debug@2.6.9
52 silly packumentCache full:https://registry.npmjs.org/debug cache-miss
53 http fetch GET 200 https://registry.npmjs.org/debug 72ms (cache miss)
54 silly packumentCache full:https://registry.npmjs.org/debug set size:undefined disposed:false
55 silly fetch manifest unpipe@1.0.0
56 silly packumentCache full:https://registry.npmjs.org/unpipe cache-miss
57 http fetch GET 200 https://registry.npmjs.org/unpipe 33ms (cache miss)
58 silly packumentCache full:https://registry.npmjs.org/unpipe set size:undefined disposed:false
59 silly fetch manifest destroy@1.2.0
60 silly packumentCache full:https://registry.npmjs.org/destroy cache-miss
61 http fetch GET 200 https://registry.npmjs.org/destroy 31ms (cache miss)
62 silly packumentCache full:https://registry.npmjs.org/destroy set size:undefined disposed:false
63 silly fetch manifest type-is@~1.6.18
64 silly packumentCache full:https://registry.npmjs.org/type-is cache-miss
65 http fetch GET 200 https://registry.npmjs.org/type-is 38ms (cache miss)
66 silly packumentCache full:https://registry.npmjs.org/type-is set size:undefined disposed:false
67 silly fetch manifest raw-body@2.5.2
68 silly packumentCache full:https://registry.npmjs.org/raw-body cache-miss
69 http fetch GET 200 https://registry.npmjs.org/raw-body 41ms (cache miss)
70 silly packumentCache full:https://registry.npmjs.org/raw-body set size:undefined disposed:false
71 silly fetch manifest iconv-lite@0.4.24
72 silly packumentCache full:https://registry.npmjs.org/iconv-lite cache-miss
73 http fetch GET 200 https://registry.npmjs.org/iconv-lite 29ms (cache miss)
74 silly packumentCache full:https://registry.npmjs.org/iconv-lite set size:undefined disposed:false
75 silly fetch manifest http-errors@2.0.0
76 silly packumentCache full:https://registry.npmjs.org/http-errors cache-miss
77 http fetch GET 200 https://registry.npmjs.org/http-errors 48ms (cache miss)
78 silly packumentCache full:https://registry.npmjs.org/http-errors set size:undefined disposed:false
79 silly fetch manifest on-finished@2.4.1
80 silly packumentCache full:https://registry.npmjs.org/on-finished cache-miss
81 http fetch GET 200 https://registry.npmjs.org/on-finished 55ms (cache miss)
82 silly packumentCache full:https://registry.npmjs.org/on-finished set size:undefined disposed:false
83 silly fetch manifest content-type@~1.0.5
84 silly packumentCache full:https://registry.npmjs.org/content-type cache-miss
85 http fetch GET 200 https://registry.npmjs.org/content-type 37ms (cache miss)
86 silly packumentCache full:https://registry.npmjs.org/content-type set size:undefined disposed:false
87 silly fetch manifest vary@^1
88 silly packumentCache full:https://registry.npmjs.org/vary cache-miss
89 http fetch GET 200 https://registry.npmjs.org/vary 40ms (cache miss)
90 silly packumentCache full:https://registry.npmjs.org/vary set size:undefined disposed:false
91 silly fetch manifest object-assign@^4
92 silly packumentCache full:https://registry.npmjs.org/object-assign cache-miss
93 http fetch GET 200 https://registry.npmjs.org/object-assign 40ms (cache miss)
94 silly packumentCache full:https://registry.npmjs.org/object-assign set size:undefined disposed:false
95 silly fetch manifest etag@~1.8.1
96 silly packumentCache full:https://registry.npmjs.org/etag cache-miss
97 http fetch GET 200 https://registry.npmjs.org/etag 52ms (cache miss)
98 silly packumentCache full:https://registry.npmjs.org/etag set size:undefined disposed:false
99 silly fetch manifest send@0.19.0
100 silly packumentCache full:https://registry.npmjs.org/send cache-miss
101 http fetch GET 200 https://registry.npmjs.org/send 48ms (cache miss)
102 silly packumentCache full:https://registry.npmjs.org/send set size:undefined disposed:false
103 silly fetch manifest vary@~1.1.2
104 silly packumentCache full:https://registry.npmjs.org/vary cache-miss
105 http fetch GET 200 https://registry.npmjs.org/vary 7ms (cache hit)
106 silly packumentCache full:https://registry.npmjs.org/vary set size:15958 disposed:false
107 silly fetch manifest fresh@0.5.2
108 silly packumentCache full:https://registry.npmjs.org/fresh cache-miss
109 http fetch GET 200 https://registry.npmjs.org/fresh 28ms (cache miss)
110 silly packumentCache full:https://registry.npmjs.org/fresh set size:undefined disposed:false
111 silly fetch manifest cookie@0.7.1
112 silly packumentCache full:https://registry.npmjs.org/cookie cache-miss
113 http fetch GET 200 https://registry.npmjs.org/cookie 70ms (cache miss)
114 silly packumentCache full:https://registry.npmjs.org/cookie set size:undefined disposed:false
115 silly fetch manifest accepts@~1.3.8
116 silly packumentCache full:https://registry.npmjs.org/accepts cache-miss
117 http fetch GET 200 https://registry.npmjs.org/accepts 39ms (cache miss)
118 silly packumentCache full:https://registry.npmjs.org/accepts set size:undefined disposed:false
119 silly fetch manifest methods@~1.1.2
120 silly packumentCache full:https://registry.npmjs.org/methods cache-miss
121 http fetch GET 200 https://registry.npmjs.org/methods 33ms (cache miss)
122 silly packumentCache full:https://registry.npmjs.org/methods set size:undefined disposed:false
123 silly fetch manifest parseurl@~1.3.3
124 silly packumentCache full:https://registry.npmjs.org/parseurl cache-miss
125 http fetch GET 200 https://registry.npmjs.org/parseurl 45ms (cache miss)
126 silly packumentCache full:https://registry.npmjs.org/parseurl set size:undefined disposed:false
127 silly fetch manifest statuses@2.0.1
128 silly packumentCache full:https://registry.npmjs.org/statuses cache-miss
129 http fetch GET 200 https://registry.npmjs.org/statuses 53ms (cache miss)
130 silly packumentCache full:https://registry.npmjs.org/statuses set size:undefined disposed:false
131 silly fetch manifest encodeurl@~2.0.0
132 silly packumentCache full:https://registry.npmjs.org/encodeurl cache-miss
133 http fetch GET 200 https://registry.npmjs.org/encodeurl 46ms (cache miss)
134 silly packumentCache full:https://registry.npmjs.org/encodeurl set size:undefined disposed:false
135 silly fetch manifest proxy-addr@~2.0.7
136 silly packumentCache full:https://registry.npmjs.org/proxy-addr cache-miss
137 http fetch GET 200 https://registry.npmjs.org/proxy-addr 46ms (cache miss)
138 silly packumentCache full:https://registry.npmjs.org/proxy-addr set size:undefined disposed:false
139 silly fetch manifest escape-html@~1.0.3
140 silly packumentCache full:https://registry.npmjs.org/escape-html cache-miss
141 http fetch GET 200 https://registry.npmjs.org/escape-html 29ms (cache miss)
142 silly packumentCache full:https://registry.npmjs.org/escape-html set size:undefined disposed:false
143 silly fetch manifest safe-buffer@5.2.1
144 silly packumentCache full:https://registry.npmjs.org/safe-buffer cache-miss
145 http fetch GET 200 https://registry.npmjs.org/safe-buffer 32ms (cache miss)
146 silly packumentCache full:https://registry.npmjs.org/safe-buffer set size:undefined disposed:false
147 silly fetch manifest utils-merge@1.0.1
148 silly packumentCache full:https://registry.npmjs.org/utils-merge cache-miss
149 http fetch GET 200 https://registry.npmjs.org/utils-merge 46ms (cache miss)
150 silly packumentCache full:https://registry.npmjs.org/utils-merge set size:undefined disposed:false
151 silly fetch manifest content-type@~1.0.4
152 silly packumentCache full:https://registry.npmjs.org/content-type cache-miss
153 http fetch GET 200 https://registry.npmjs.org/content-type 3ms (cache hit)
154 silly packumentCache full:https://registry.npmjs.org/content-type set size:17251 disposed:false
155 silly fetch manifest finalhandler@1.3.1
156 silly packumentCache full:https://registry.npmjs.org/finalhandler cache-miss
157 http fetch GET 200 https://registry.npmjs.org/finalhandler 35ms (cache miss)
158 silly packumentCache full:https://registry.npmjs.org/finalhandler set size:undefined disposed:false
159 silly fetch manifest range-parser@~1.2.1
160 silly packumentCache full:https://registry.npmjs.org/range-parser cache-miss
161 http fetch GET 200 https://registry.npmjs.org/range-parser 31ms (cache miss)
162 silly packumentCache full:https://registry.npmjs.org/range-parser set size:undefined disposed:false
163 silly fetch manifest serve-static@1.16.2
164 silly packumentCache full:https://registry.npmjs.org/serve-static cache-miss
165 http fetch GET 200 https://registry.npmjs.org/serve-static 39ms (cache miss)
166 silly packumentCache full:https://registry.npmjs.org/serve-static set size:undefined disposed:false
167 silly fetch manifest array-flatten@1.1.1
168 silly packumentCache full:https://registry.npmjs.org/array-flatten cache-miss
169 http fetch GET 200 https://registry.npmjs.org/array-flatten 29ms (cache miss)
170 silly packumentCache full:https://registry.npmjs.org/array-flatten set size:undefined disposed:false
171 silly fetch manifest path-to-regexp@0.1.12
172 silly packumentCache full:https://registry.npmjs.org/path-to-regexp cache-miss
173 http fetch GET 200 https://registry.npmjs.org/path-to-regexp 52ms (cache miss)
174 silly packumentCache full:https://registry.npmjs.org/path-to-regexp set size:undefined disposed:false
175 silly fetch manifest setprototypeof@1.2.0
176 silly packumentCache full:https://registry.npmjs.org/setprototypeof cache-miss
177 http fetch GET 200 https://registry.npmjs.org/setprototypeof 37ms (cache miss)
178 silly packumentCache full:https://registry.npmjs.org/setprototypeof set size:undefined disposed:false
179 silly fetch manifest cookie-signature@1.0.6
180 silly packumentCache full:https://registry.npmjs.org/cookie-signature cache-miss
181 http fetch GET 200 https://registry.npmjs.org/cookie-signature 41ms (cache miss)
182 silly packumentCache full:https://registry.npmjs.org/cookie-signature set size:undefined disposed:false
183 silly fetch manifest merge-descriptors@1.0.3
184 silly packumentCache full:https://registry.npmjs.org/merge-descriptors cache-miss
185 http fetch GET 200 https://registry.npmjs.org/merge-descriptors 36ms (cache miss)
186 silly packumentCache full:https://registry.npmjs.org/merge-descriptors set size:undefined disposed:false
187 silly fetch manifest content-disposition@0.5.4
188 silly packumentCache full:https://registry.npmjs.org/content-disposition cache-miss
189 http fetch GET 200 https://registry.npmjs.org/content-disposition 31ms (cache miss)
190 silly packumentCache full:https://registry.npmjs.org/content-disposition set size:undefined disposed:false
191 silly fetch manifest glob@7.1.6
192 silly packumentCache full:https://registry.npmjs.org/glob cache-miss
193 http fetch GET 200 https://registry.npmjs.org/glob 59ms (cache miss)
194 silly packumentCache full:https://registry.npmjs.org/glob set size:undefined disposed:false
195 silly fetch manifest yaml@2.0.0-1
196 silly packumentCache full:https://registry.npmjs.org/yaml cache-miss
197 http fetch GET 200 https://registry.npmjs.org/yaml 35ms (cache miss)
198 silly packumentCache full:https://registry.npmjs.org/yaml set size:undefined disposed:false
199 silly fetch manifest doctrine@3.0.0
200 silly packumentCache full:https://registry.npmjs.org/doctrine cache-miss
201 http fetch GET 200 https://registry.npmjs.org/doctrine 32ms (cache miss)
202 silly packumentCache full:https://registry.npmjs.org/doctrine set size:undefined disposed:false
203 silly fetch manifest commander@6.2.0
204 silly packumentCache full:https://registry.npmjs.org/commander cache-miss
205 http fetch GET 200 https://registry.npmjs.org/commander 37ms (cache miss)
206 silly packumentCache full:https://registry.npmjs.org/commander set size:undefined disposed:false
207 silly fetch manifest swagger-parser@^10.0.3
208 silly packumentCache full:https://registry.npmjs.org/swagger-parser cache-miss
209 http fetch GET 200 https://registry.npmjs.org/swagger-parser 362ms (cache miss)
210 silly packumentCache full:https://registry.npmjs.org/swagger-parser set size:undefined disposed:false
211 silly fetch manifest lodash.mergewith@^4.6.2
212 silly packumentCache full:https://registry.npmjs.org/lodash.mergewith cache-miss
213 http fetch GET 200 https://registry.npmjs.org/lodash.mergewith 39ms (cache miss)
214 silly packumentCache full:https://registry.npmjs.org/lodash.mergewith set size:undefined disposed:false
215 silly fetch manifest swagger-ui-dist@>=5.0.0
216 silly packumentCache full:https://registry.npmjs.org/swagger-ui-dist cache-miss
217 http fetch GET 200 https://registry.npmjs.org/swagger-ui-dist 61ms (cache miss)
218 silly packumentCache full:https://registry.npmjs.org/swagger-ui-dist set size:undefined disposed:false
219 silly placeDep ROOT bytes@3.1.2 OK for: body-parser@1.20.3 want: 3.1.2
220 silly placeDep ROOT content-type@1.0.5 OK for: body-parser@1.20.3 want: ~1.0.5
221 silly placeDep ROOT debug@2.6.9 OK for: body-parser@1.20.3 want: 2.6.9
222 silly placeDep ROOT depd@2.0.0 OK for: body-parser@1.20.3 want: 2.0.0
223 silly placeDep ROOT destroy@1.2.0 OK for: body-parser@1.20.3 want: 1.2.0
224 silly placeDep ROOT http-errors@2.0.0 OK for: body-parser@1.20.3 want: 2.0.0
225 silly placeDep ROOT iconv-lite@0.4.24 OK for: body-parser@1.20.3 want: 0.4.24
226 silly placeDep ROOT on-finished@2.4.1 OK for: body-parser@1.20.3 want: 2.4.1
227 silly placeDep ROOT qs@6.13.0 OK for: body-parser@1.20.3 want: 6.13.0
228 silly placeDep ROOT raw-body@2.5.2 OK for: body-parser@1.20.3 want: 2.5.2
229 silly placeDep ROOT type-is@1.6.18 OK for: body-parser@1.20.3 want: ~1.6.18
230 silly placeDep ROOT unpipe@1.0.0 OK for: body-parser@1.20.3 want: 1.0.0
231 silly fetch manifest ms@2.0.0
232 silly packumentCache full:https://registry.npmjs.org/ms cache-miss
233 http fetch GET 200 https://registry.npmjs.org/ms 46ms (cache miss)
234 silly packumentCache full:https://registry.npmjs.org/ms set size:undefined disposed:false
235 silly fetch manifest inherits@2.0.4
236 silly packumentCache full:https://registry.npmjs.org/inherits cache-miss
237 http fetch GET 200 https://registry.npmjs.org/inherits 66ms (cache miss)
238 silly packumentCache full:https://registry.npmjs.org/inherits set size:undefined disposed:false
239 silly fetch manifest toidentifier@1.0.1
240 silly packumentCache full:https://registry.npmjs.org/toidentifier cache-miss
241 http fetch GET 200 https://registry.npmjs.org/toidentifier 43ms (cache miss)
242 silly packumentCache full:https://registry.npmjs.org/toidentifier set size:undefined disposed:false
243 silly fetch manifest safer-buffer@>= 2.1.2 < 3
244 silly packumentCache full:https://registry.npmjs.org/safer-buffer cache-miss
245 http fetch GET 200 https://registry.npmjs.org/safer-buffer 32ms (cache miss)
246 silly packumentCache full:https://registry.npmjs.org/safer-buffer set size:undefined disposed:false
247 silly fetch manifest ee-first@1.1.1
248 silly packumentCache full:https://registry.npmjs.org/ee-first cache-miss
249 http fetch GET 200 https://registry.npmjs.org/ee-first 43ms (cache miss)
250 silly packumentCache full:https://registry.npmjs.org/ee-first set size:undefined disposed:false
251 silly fetch manifest side-channel@^1.0.6
252 silly packumentCache full:https://registry.npmjs.org/side-channel cache-miss
253 http fetch GET 200 https://registry.npmjs.org/side-channel 43ms (cache miss)
254 silly packumentCache full:https://registry.npmjs.org/side-channel set size:undefined disposed:false
255 silly fetch manifest mime-types@~2.1.24
256 silly packumentCache full:https://registry.npmjs.org/mime-types cache-miss
257 http fetch GET 200 https://registry.npmjs.org/mime-types 92ms (cache miss)
258 silly packumentCache full:https://registry.npmjs.org/mime-types set size:undefined disposed:false
259 silly fetch manifest media-typer@0.3.0
260 silly packumentCache full:https://registry.npmjs.org/media-typer cache-miss
261 http fetch GET 200 https://registry.npmjs.org/media-typer 38ms (cache miss)
262 silly packumentCache full:https://registry.npmjs.org/media-typer set size:undefined disposed:false
263 silly placeDep ROOT object-assign@4.1.1 OK for: cors@2.8.5 want: ^4
264 silly placeDep ROOT vary@1.1.2 OK for: cors@2.8.5 want: ^1
265 silly placeDep ROOT ms@2.0.0 OK for: debug@2.6.9 want: 2.0.0
266 silly placeDep ROOT accepts@1.3.8 OK for: express@4.21.2 want: ~1.3.8
267 silly placeDep ROOT array-flatten@1.1.1 OK for: express@4.21.2 want: 1.1.1
268 silly placeDep ROOT content-disposition@0.5.4 OK for: express@4.21.2 want: 0.5.4
269 silly placeDep ROOT cookie@0.7.1 OK for: express@4.21.2 want: 0.7.1
270 silly placeDep ROOT cookie-signature@1.0.6 OK for: express@4.21.2 want: 1.0.6
271 silly placeDep ROOT encodeurl@2.0.0 OK for: express@4.21.2 want: ~2.0.0
272 silly placeDep ROOT escape-html@1.0.3 OK for: express@4.21.2 want: ~1.0.3
273 silly placeDep ROOT etag@1.8.1 OK for: express@4.21.2 want: ~1.8.1
274 silly placeDep ROOT finalhandler@1.3.1 OK for: express@4.21.2 want: 1.3.1
275 silly placeDep ROOT fresh@0.5.2 OK for: express@4.21.2 want: 0.5.2
276 silly placeDep ROOT merge-descriptors@1.0.3 OK for: express@4.21.2 want: 1.0.3
277 silly placeDep ROOT methods@1.1.2 OK for: express@4.21.2 want: ~1.1.2
278 silly placeDep ROOT parseurl@1.3.3 OK for: express@4.21.2 want: ~1.3.3
279 silly placeDep ROOT path-to-regexp@0.1.12 OK for: express@4.21.2 want: 0.1.12
280 silly placeDep ROOT proxy-addr@2.0.7 OK for: express@4.21.2 want: ~2.0.7
281 silly placeDep ROOT range-parser@1.2.1 OK for: express@4.21.2 want: ~1.2.1
282 silly placeDep ROOT safe-buffer@5.2.1 OK for: express@4.21.2 want: 5.2.1
283 silly placeDep ROOT send@0.19.0 OK for: express@4.21.2 want: 0.19.0
284 silly placeDep ROOT serve-static@1.16.2 OK for: express@4.21.2 want: 1.16.2
285 silly placeDep ROOT setprototypeof@1.2.0 OK for: express@4.21.2 want: 1.2.0
286 silly placeDep ROOT statuses@2.0.1 OK for: express@4.21.2 want: 2.0.1
287 silly placeDep ROOT utils-merge@1.0.1 OK for: express@4.21.2 want: 1.0.1
288 silly fetch manifest mime-types@~2.1.34
289 silly packumentCache full:https://registry.npmjs.org/mime-types cache-miss
290 http fetch GET 200 https://registry.npmjs.org/mime-types 4ms (cache hit)
291 silly packumentCache full:https://registry.npmjs.org/mime-types set size:129792 disposed:false
292 silly fetch manifest negotiator@0.6.3
293 silly packumentCache full:https://registry.npmjs.org/negotiator cache-miss
294 http fetch GET 200 https://registry.npmjs.org/negotiator 35ms (cache miss)
295 silly packumentCache full:https://registry.npmjs.org/negotiator set size:undefined disposed:false
296 silly fetch manifest forwarded@0.2.0
297 silly packumentCache full:https://registry.npmjs.org/forwarded cache-miss
298 http fetch GET 200 https://registry.npmjs.org/forwarded 54ms (cache miss)
299 silly packumentCache full:https://registry.npmjs.org/forwarded set size:undefined disposed:false
300 silly fetch manifest ipaddr.js@1.9.1
301 silly packumentCache full:https://registry.npmjs.org/ipaddr.js cache-miss
302 http fetch GET 200 https://registry.npmjs.org/ipaddr.js 37ms (cache miss)
303 silly packumentCache full:https://registry.npmjs.org/ipaddr.js set size:undefined disposed:false
304 silly fetch manifest ms@2.1.3
305 silly packumentCache full:https://registry.npmjs.org/ms cache-miss
306 http fetch GET 200 https://registry.npmjs.org/ms 10ms (cache hit)
307 silly packumentCache full:https://registry.npmjs.org/ms set size:84883 disposed:false
308 silly fetch manifest mime@1.6.0
309 silly packumentCache full:https://registry.npmjs.org/mime cache-miss
310 http fetch GET 200 https://registry.npmjs.org/mime 47ms (cache miss)
311 silly packumentCache full:https://registry.npmjs.org/mime set size:undefined disposed:false
312 silly fetch manifest encodeurl@~1.0.2
313 silly packumentCache full:https://registry.npmjs.org/encodeurl cache-miss
314 http fetch GET 200 https://registry.npmjs.org/encodeurl 4ms (cache hit)
315 silly packumentCache full:https://registry.npmjs.org/encodeurl set size:12296 disposed:false
316 silly placeDep ROOT mime-types@2.1.35 OK for: accepts@1.3.8 want: ~2.1.34
317 silly placeDep ROOT negotiator@0.6.3 OK for: accepts@1.3.8 want: 0.6.3
318 silly fetch manifest mime-db@1.52.0
319 silly packumentCache full:https://registry.npmjs.org/mime-db cache-miss
320 http fetch GET 200 https://registry.npmjs.org/mime-db 42ms (cache miss)
321 silly packumentCache full:https://registry.npmjs.org/mime-db set size:undefined disposed:false
322 silly placeDep ROOT inherits@2.0.4 OK for: http-errors@2.0.0 want: 2.0.4
323 silly placeDep ROOT toidentifier@1.0.1 OK for: http-errors@2.0.0 want: 1.0.1
324 silly placeDep ROOT safer-buffer@2.1.2 OK for: iconv-lite@0.4.24 want: >= 2.1.2 < 3
325 silly placeDep ROOT mime-db@1.52.0 OK for: mime-types@2.1.35 want: 1.52.0
326 silly placeDep ROOT ee-first@1.1.1 OK for: on-finished@2.4.1 want: 1.1.1
327 silly placeDep ROOT forwarded@0.2.0 OK for: proxy-addr@2.0.7 want: 0.2.0
328 silly placeDep ROOT ipaddr.js@1.9.1 OK for: proxy-addr@2.0.7 want: 1.9.1
329 silly placeDep ROOT side-channel@1.1.0 OK for: qs@6.13.0 want: ^1.0.6
330 silly fetch manifest es-errors@^1.3.0
331 silly packumentCache full:https://registry.npmjs.org/es-errors cache-miss
332 http fetch GET 200 https://registry.npmjs.org/es-errors 44ms (cache miss)
333 silly packumentCache full:https://registry.npmjs.org/es-errors set size:undefined disposed:false
334 silly fetch manifest object-inspect@^1.13.3
335 silly packumentCache full:https://registry.npmjs.org/object-inspect cache-miss
336 http fetch GET 200 https://registry.npmjs.org/object-inspect 41ms (cache miss)
337 silly packumentCache full:https://registry.npmjs.org/object-inspect set size:undefined disposed:false
338 silly fetch manifest side-channel-list@^1.0.0
339 silly packumentCache full:https://registry.npmjs.org/side-channel-list cache-miss
340 http fetch GET 200 https://registry.npmjs.org/side-channel-list 54ms (cache miss)
341 silly packumentCache full:https://registry.npmjs.org/side-channel-list set size:undefined disposed:false
342 silly fetch manifest side-channel-map@^1.0.1
343 silly packumentCache full:https://registry.npmjs.org/side-channel-map cache-miss
344 http fetch GET 200 https://registry.npmjs.org/side-channel-map 106ms (cache miss)
345 silly packumentCache full:https://registry.npmjs.org/side-channel-map set size:undefined disposed:false
346 silly fetch manifest side-channel-weakmap@^1.0.2
347 silly packumentCache full:https://registry.npmjs.org/side-channel-weakmap cache-miss
348 http fetch GET 200 https://registry.npmjs.org/side-channel-weakmap 36ms (cache miss)
349 silly packumentCache full:https://registry.npmjs.org/side-channel-weakmap set size:undefined disposed:false
350 silly placeDep node_modules/send encodeurl@1.0.2 OK for: send@0.19.0 want: ~1.0.2
351 silly placeDep ROOT mime@1.6.0 OK for: send@0.19.0 want: 1.6.0
352 silly placeDep node_modules/send ms@2.1.3 OK for: send@0.19.0 want: 2.1.3
353 silly placeDep ROOT es-errors@1.3.0 OK for: side-channel@1.1.0 want: ^1.3.0
354 silly placeDep ROOT object-inspect@1.13.4 OK for: side-channel@1.1.0 want: ^1.13.3
355 silly placeDep ROOT side-channel-list@1.0.0 OK for: side-channel@1.1.0 want: ^1.0.0
356 silly placeDep ROOT side-channel-map@1.0.1 OK for: side-channel@1.1.0 want: ^1.0.1
357 silly placeDep ROOT side-channel-weakmap@1.0.2 OK for: side-channel@1.1.0 want: ^1.0.2
358 silly fetch manifest call-bound@^1.0.2
359 silly packumentCache full:https://registry.npmjs.org/call-bound cache-miss
360 http fetch GET 200 https://registry.npmjs.org/call-bound 40ms (cache miss)
361 silly packumentCache full:https://registry.npmjs.org/call-bound set size:undefined disposed:false
362 silly fetch manifest get-intrinsic@^1.2.5
363 silly packumentCache full:https://registry.npmjs.org/get-intrinsic cache-miss
364 http fetch GET 200 https://registry.npmjs.org/get-intrinsic 31ms (cache miss)
365 silly packumentCache full:https://registry.npmjs.org/get-intrinsic set size:undefined disposed:false
366 silly placeDep ROOT call-bound@1.0.3 OK for: side-channel-map@1.0.1 want: ^1.0.2
367 silly placeDep ROOT get-intrinsic@1.3.0 OK for: side-channel-map@1.0.1 want: ^1.2.5
368 silly fetch manifest call-bind-apply-helpers@^1.0.1
369 silly packumentCache full:https://registry.npmjs.org/call-bind-apply-helpers cache-miss
370 http fetch GET 200 https://registry.npmjs.org/call-bind-apply-helpers 54ms (cache miss)
371 silly packumentCache full:https://registry.npmjs.org/call-bind-apply-helpers set size:undefined disposed:false
372 silly fetch manifest get-intrinsic@^1.2.6
373 silly packumentCache full:https://registry.npmjs.org/get-intrinsic cache-miss
374 http fetch GET 200 https://registry.npmjs.org/get-intrinsic 6ms (cache hit)
375 silly packumentCache full:https://registry.npmjs.org/get-intrinsic set size:57687 disposed:false
376 silly fetch manifest call-bind-apply-helpers@^1.0.2
377 silly packumentCache full:https://registry.npmjs.org/call-bind-apply-helpers cache-miss
378 http fetch GET 200 https://registry.npmjs.org/call-bind-apply-helpers 3ms (cache hit)
379 silly packumentCache full:https://registry.npmjs.org/call-bind-apply-helpers set size:12744 disposed:false
380 silly fetch manifest es-define-property@^1.0.1
381 silly packumentCache full:https://registry.npmjs.org/es-define-property cache-miss
382 http fetch GET 200 https://registry.npmjs.org/es-define-property 41ms (cache miss)
383 silly packumentCache full:https://registry.npmjs.org/es-define-property set size:undefined disposed:false
384 silly fetch manifest es-object-atoms@^1.1.1
385 silly packumentCache full:https://registry.npmjs.org/es-object-atoms cache-miss
386 http fetch GET 200 https://registry.npmjs.org/es-object-atoms 39ms (cache miss)
387 silly packumentCache full:https://registry.npmjs.org/es-object-atoms set size:undefined disposed:false
388 silly fetch manifest function-bind@^1.1.2
389 silly packumentCache full:https://registry.npmjs.org/function-bind cache-miss
390 http fetch GET 200 https://registry.npmjs.org/function-bind 54ms (cache miss)
391 silly packumentCache full:https://registry.npmjs.org/function-bind set size:undefined disposed:false
392 silly fetch manifest get-proto@^1.0.1
393 silly packumentCache full:https://registry.npmjs.org/get-proto cache-miss
394 http fetch GET 200 https://registry.npmjs.org/get-proto 37ms (cache miss)
395 silly packumentCache full:https://registry.npmjs.org/get-proto set size:undefined disposed:false
396 silly fetch manifest gopd@^1.2.0
397 silly packumentCache full:https://registry.npmjs.org/gopd cache-miss
398 http fetch GET 200 https://registry.npmjs.org/gopd 40ms (cache miss)
399 silly packumentCache full:https://registry.npmjs.org/gopd set size:undefined disposed:false
400 silly fetch manifest has-symbols@^1.1.0
401 silly packumentCache full:https://registry.npmjs.org/has-symbols cache-miss
402 http fetch GET 200 https://registry.npmjs.org/has-symbols 46ms (cache miss)
403 silly packumentCache full:https://registry.npmjs.org/has-symbols set size:undefined disposed:false
404 silly fetch manifest hasown@^2.0.2
405 silly packumentCache full:https://registry.npmjs.org/hasown cache-miss
406 http fetch GET 200 https://registry.npmjs.org/hasown 37ms (cache miss)
407 silly packumentCache full:https://registry.npmjs.org/hasown set size:undefined disposed:false
408 silly fetch manifest math-intrinsics@^1.1.0
409 silly packumentCache full:https://registry.npmjs.org/math-intrinsics cache-miss
410 http fetch GET 200 https://registry.npmjs.org/math-intrinsics 43ms (cache miss)
411 silly packumentCache full:https://registry.npmjs.org/math-intrinsics set size:undefined disposed:false
412 silly placeDep ROOT call-bind-apply-helpers@1.0.2 OK for: call-bound@1.0.3 want: ^1.0.1
413 silly placeDep ROOT function-bind@1.1.2 OK for: call-bind-apply-helpers@1.0.2 want: ^1.1.2
414 silly placeDep ROOT es-define-property@1.0.1 OK for: get-intrinsic@1.3.0 want: ^1.0.1
415 silly placeDep ROOT es-object-atoms@1.1.1 OK for: get-intrinsic@1.3.0 want: ^1.1.1
416 silly placeDep ROOT get-proto@1.0.1 OK for: get-intrinsic@1.3.0 want: ^1.0.1
417 silly placeDep ROOT gopd@1.2.0 OK for: get-intrinsic@1.3.0 want: ^1.2.0
418 silly placeDep ROOT has-symbols@1.1.0 OK for: get-intrinsic@1.3.0 want: ^1.1.0
419 silly placeDep ROOT hasown@2.0.2 OK for: get-intrinsic@1.3.0 want: ^2.0.2
420 silly placeDep ROOT math-intrinsics@1.1.0 OK for: get-intrinsic@1.3.0 want: ^1.1.0
421 silly fetch manifest dunder-proto@^1.0.1
422 silly packumentCache full:https://registry.npmjs.org/dunder-proto cache-miss
423 http fetch GET 200 https://registry.npmjs.org/dunder-proto 39ms (cache miss)
424 silly packumentCache full:https://registry.npmjs.org/dunder-proto set size:undefined disposed:false
425 silly placeDep ROOT dunder-proto@1.0.1 OK for: get-proto@1.0.1 want: ^1.0.1
426 silly placeDep ROOT commander@6.2.0 OK for: swagger-jsdoc@6.2.8 want: 6.2.0
427 silly placeDep ROOT doctrine@3.0.0 OK for: swagger-jsdoc@6.2.8 want: 3.0.0
428 silly placeDep ROOT glob@7.1.6 OK for: swagger-jsdoc@6.2.8 want: 7.1.6
429 silly placeDep ROOT lodash.mergewith@4.6.2 OK for: swagger-jsdoc@6.2.8 want: ^4.6.2
430 silly placeDep ROOT swagger-parser@10.0.3 OK for: swagger-jsdoc@6.2.8 want: ^10.0.3
431 silly placeDep ROOT yaml@2.0.0-1 OK for: swagger-jsdoc@6.2.8 want: 2.0.0-1
432 silly fetch manifest esutils@^2.0.2
433 silly packumentCache full:https://registry.npmjs.org/esutils cache-miss
434 http fetch GET 200 https://registry.npmjs.org/esutils 30ms (cache miss)
435 silly packumentCache full:https://registry.npmjs.org/esutils set size:undefined disposed:false
436 silly fetch manifest once@^1.3.0
437 silly packumentCache full:https://registry.npmjs.org/once cache-miss
438 http fetch GET 200 https://registry.npmjs.org/once 51ms (cache miss)
439 silly packumentCache full:https://registry.npmjs.org/once set size:undefined disposed:false
440 silly fetch manifest inflight@^1.0.4
441 silly packumentCache full:https://registry.npmjs.org/inflight cache-miss
442 http fetch GET 200 https://registry.npmjs.org/inflight 47ms (cache miss)
443 silly packumentCache full:https://registry.npmjs.org/inflight set size:undefined disposed:false
444 silly fetch manifest minimatch@^3.0.4
445 silly packumentCache full:https://registry.npmjs.org/minimatch cache-miss
446 http fetch GET 200 https://registry.npmjs.org/minimatch 36ms (cache miss)
447 silly packumentCache full:https://registry.npmjs.org/minimatch set size:undefined disposed:false
448 silly fetch manifest fs.realpath@^1.0.0
449 silly packumentCache full:https://registry.npmjs.org/fs.realpath cache-miss
450 http fetch GET 200 https://registry.npmjs.org/fs.realpath 52ms (cache miss)
451 silly packumentCache full:https://registry.npmjs.org/fs.realpath set size:undefined disposed:false
452 silly fetch manifest path-is-absolute@^1.0.0
453 silly packumentCache full:https://registry.npmjs.org/path-is-absolute cache-miss
454 http fetch GET 200 https://registry.npmjs.org/path-is-absolute 31ms (cache miss)
455 silly packumentCache full:https://registry.npmjs.org/path-is-absolute set size:undefined disposed:false
456 silly fetch manifest @apidevtools/swagger-parser@10.0.3
457 silly packumentCache full:https://registry.npmjs.org/@apidevtools%2fswagger-parser cache-miss
458 http fetch GET 200 https://registry.npmjs.org/@apidevtools%2fswagger-parser 70ms (cache miss)
459 silly packumentCache full:https://registry.npmjs.org/@apidevtools%2fswagger-parser set size:undefined disposed:false
460 silly placeDep ROOT esutils@2.0.3 OK for: doctrine@3.0.0 want: ^2.0.2
461 silly placeDep ROOT fs.realpath@1.0.0 OK for: glob@7.1.6 want: ^1.0.0
462 silly placeDep ROOT inflight@1.0.6 OK for: glob@7.1.6 want: ^1.0.4
463 silly placeDep ROOT minimatch@3.1.2 OK for: glob@7.1.6 want: ^3.0.4
464 silly placeDep ROOT once@1.4.0 OK for: glob@7.1.6 want: ^1.3.0
465 silly placeDep ROOT path-is-absolute@1.0.1 OK for: glob@7.1.6 want: ^1.0.0
466 silly fetch manifest wrappy@1
467 silly packumentCache full:https://registry.npmjs.org/wrappy cache-miss
468 http fetch GET 200 https://registry.npmjs.org/wrappy 37ms (cache miss)
469 silly packumentCache full:https://registry.npmjs.org/wrappy set size:undefined disposed:false
470 silly fetch manifest brace-expansion@^1.1.7
471 silly packumentCache full:https://registry.npmjs.org/brace-expansion cache-miss
472 http fetch GET 200 https://registry.npmjs.org/brace-expansion 41ms (cache miss)
473 silly packumentCache full:https://registry.npmjs.org/brace-expansion set size:undefined disposed:false
474 silly placeDep ROOT wrappy@1.0.2 OK for: inflight@1.0.6 want: 1
475 silly placeDep ROOT brace-expansion@1.1.11 OK for: minimatch@3.1.2 want: ^1.1.7
476 silly fetch manifest balanced-match@^1.0.0
477 silly packumentCache full:https://registry.npmjs.org/balanced-match cache-miss
478 http fetch GET 200 https://registry.npmjs.org/balanced-match 68ms (cache miss)
479 silly packumentCache full:https://registry.npmjs.org/balanced-match set size:undefined disposed:false
480 silly fetch manifest concat-map@0.0.1
481 silly packumentCache full:https://registry.npmjs.org/concat-map cache-miss
482 http fetch GET 200 https://registry.npmjs.org/concat-map 33ms (cache miss)
483 silly packumentCache full:https://registry.npmjs.org/concat-map set size:undefined disposed:false
484 silly placeDep ROOT balanced-match@1.0.2 OK for: brace-expansion@1.1.11 want: ^1.0.0
485 silly placeDep ROOT concat-map@0.0.1 OK for: brace-expansion@1.1.11 want: 0.0.1
486 silly fetch manifest openapi-types@>=7
487 silly packumentCache full:https://registry.npmjs.org/openapi-types cache-miss
488 http fetch GET 200 https://registry.npmjs.org/openapi-types 38ms (cache miss)
489 silly packumentCache full:https://registry.npmjs.org/openapi-types set size:undefined disposed:false
490 silly placeDep ROOT @apidevtools/swagger-parser@10.0.3 OK for: swagger-parser@10.0.3 want: 10.0.3
491 silly placeDep ROOT openapi-types@12.1.3 OK for: @apidevtools/swagger-parser@10.0.3 want: >=7
492 silly fetch manifest z-schema@^5.0.1
493 silly packumentCache full:https://registry.npmjs.org/z-schema cache-miss
494 http fetch GET 200 https://registry.npmjs.org/z-schema 45ms (cache miss)
495 silly packumentCache full:https://registry.npmjs.org/z-schema set size:undefined disposed:false
496 silly fetch manifest call-me-maybe@^1.0.1
497 silly packumentCache full:https://registry.npmjs.org/call-me-maybe cache-miss
498 http fetch GET 200 https://registry.npmjs.org/call-me-maybe 32ms (cache miss)
499 silly packumentCache full:https://registry.npmjs.org/call-me-maybe set size:undefined disposed:false
500 silly fetch manifest @jsdevtools/ono@^7.1.3
501 silly packumentCache full:https://registry.npmjs.org/@jsdevtools%2fono cache-miss
502 http fetch GET 200 https://registry.npmjs.org/@jsdevtools%2fono 56ms (cache miss)
503 silly packumentCache full:https://registry.npmjs.org/@jsdevtools%2fono set size:undefined disposed:false
504 silly fetch manifest @apidevtools/openapi-schemas@^2.0.4
505 silly packumentCache full:https://registry.npmjs.org/@apidevtools%2fopenapi-schemas cache-miss
506 http fetch GET 200 https://registry.npmjs.org/@apidevtools%2fopenapi-schemas 80ms (cache miss)
507 silly packumentCache full:https://registry.npmjs.org/@apidevtools%2fopenapi-schemas set size:undefined disposed:false
508 silly fetch manifest @apidevtools/swagger-methods@^3.0.2
509 silly packumentCache full:https://registry.npmjs.org/@apidevtools%2fswagger-methods cache-miss
510 http fetch GET 200 https://registry.npmjs.org/@apidevtools%2fswagger-methods 67ms (cache miss)
511 silly packumentCache full:https://registry.npmjs.org/@apidevtools%2fswagger-methods set size:undefined disposed:false
512 silly fetch manifest @apidevtools/json-schema-ref-parser@^9.0.6
513 silly packumentCache full:https://registry.npmjs.org/@apidevtools%2fjson-schema-ref-parser cache-miss
514 http fetch GET 200 https://registry.npmjs.org/@apidevtools%2fjson-schema-ref-parser 62ms (cache miss)
515 silly packumentCache full:https://registry.npmjs.org/@apidevtools%2fjson-schema-ref-parser set size:undefined disposed:false
516 silly placeDep ROOT @apidevtools/json-schema-ref-parser@9.1.2 OK for: @apidevtools/swagger-parser@10.0.3 want: ^9.0.6
517 silly placeDep ROOT @apidevtools/openapi-schemas@2.1.0 OK for: @apidevtools/swagger-parser@10.0.3 want: ^2.0.4
518 silly placeDep ROOT @apidevtools/swagger-methods@3.0.2 OK for: @apidevtools/swagger-parser@10.0.3 want: ^3.0.2
519 silly placeDep ROOT @jsdevtools/ono@7.1.3 OK for: @apidevtools/swagger-parser@10.0.3 want: ^7.1.3
520 silly placeDep ROOT call-me-maybe@1.0.2 OK for: @apidevtools/swagger-parser@10.0.3 want: ^1.0.1
521 silly placeDep ROOT z-schema@5.0.5 OK for: @apidevtools/swagger-parser@10.0.3 want: ^5.0.1
522 silly fetch manifest js-yaml@^4.1.0
523 silly packumentCache full:https://registry.npmjs.org/js-yaml cache-miss
524 http fetch GET 200 https://registry.npmjs.org/js-yaml 42ms (cache miss)
525 silly packumentCache full:https://registry.npmjs.org/js-yaml set size:undefined disposed:false
526 silly fetch manifest @types/json-schema@^7.0.6
527 silly packumentCache full:https://registry.npmjs.org/@types%2fjson-schema cache-miss
528 http fetch GET 200 https://registry.npmjs.org/@types%2fjson-schema 128ms (cache miss)
529 silly packumentCache full:https://registry.npmjs.org/@types%2fjson-schema set size:undefined disposed:false
530 silly fetch manifest validator@^13.7.0
531 silly packumentCache full:https://registry.npmjs.org/validator cache-miss
532 http fetch GET 200 https://registry.npmjs.org/validator 59ms (cache miss)
533 silly packumentCache full:https://registry.npmjs.org/validator set size:undefined disposed:false
534 silly fetch manifest lodash.get@^4.4.2
535 silly packumentCache full:https://registry.npmjs.org/lodash.get cache-miss
536 http fetch GET 200 https://registry.npmjs.org/lodash.get 59ms (cache miss)
537 silly packumentCache full:https://registry.npmjs.org/lodash.get set size:undefined disposed:false
538 silly fetch manifest lodash.isequal@^4.5.0
539 silly packumentCache full:https://registry.npmjs.org/lodash.isequal cache-miss
540 http fetch GET 200 https://registry.npmjs.org/lodash.isequal 48ms (cache miss)
541 silly packumentCache full:https://registry.npmjs.org/lodash.isequal set size:undefined disposed:false
542 silly fetch manifest commander@^9.4.1
543 silly packumentCache full:https://registry.npmjs.org/commander cache-miss
544 http fetch GET 200 https://registry.npmjs.org/commander 5ms (cache hit)
545 silly packumentCache full:https://registry.npmjs.org/commander set size:336656 disposed:false
546 silly placeDep ROOT @types/json-schema@7.0.15 OK for: @apidevtools/json-schema-ref-parser@9.1.2 want: ^7.0.6
547 silly placeDep ROOT js-yaml@4.1.0 OK for: @apidevtools/json-schema-ref-parser@9.1.2 want: ^4.1.0
548 silly fetch manifest argparse@^2.0.1
549 silly packumentCache full:https://registry.npmjs.org/argparse cache-miss
550 http fetch GET 200 https://registry.npmjs.org/argparse 50ms (cache miss)
551 silly packumentCache full:https://registry.npmjs.org/argparse set size:undefined disposed:false
552 silly placeDep ROOT argparse@2.0.1 OK for: js-yaml@4.1.0 want: ^2.0.1
553 silly placeDep ROOT swagger-ui-dist@5.19.0 OK for: swagger-ui-express@5.0.1 want: >=5.0.0
554 silly fetch manifest @scarf/scarf@=1.4.0
555 silly packumentCache full:https://registry.npmjs.org/@scarf%2fscarf cache-miss
556 http fetch GET 200 https://registry.npmjs.org/@scarf%2fscarf 129ms (cache miss)
557 silly packumentCache full:https://registry.npmjs.org/@scarf%2fscarf set size:undefined disposed:false
558 silly placeDep ROOT @scarf/scarf@1.4.0 OK for: swagger-ui-dist@5.19.0 want: =1.4.0
559 silly placeDep ROOT media-typer@0.3.0 OK for: type-is@1.6.18 want: 0.3.0
560 silly placeDep node_modules/z-schema commander@9.5.0 OK for: z-schema@5.0.5 want: ^9.4.1
561 silly placeDep ROOT lodash.get@4.4.2 OK for: z-schema@5.0.5 want: ^4.4.2
562 silly placeDep ROOT lodash.isequal@4.5.0 OK for: z-schema@5.0.5 want: ^4.5.0
563 silly placeDep ROOT validator@13.12.0 OK for: z-schema@5.0.5 want: ^13.7.0
564 silly reify moves {}
565 silly tarball no local data for validator@https://registry.npmjs.org/validator/-/validator-13.12.0.tgz. Extracting by manifest.
566 silly tarball no local data for lodash.isequal@https://registry.npmjs.org/lodash.isequal/-/lodash.isequal-4.5.0.tgz. Extracting by manifest.
567 silly tarball no local data for lodash.get@https://registry.npmjs.org/lodash.get/-/lodash.get-4.4.2.tgz. Extracting by manifest.
568 silly tarball no local data for media-typer@https://registry.npmjs.org/media-typer/-/media-typer-0.3.0.tgz. Extracting by manifest.
569 silly tarball no local data for @scarf/scarf@https://registry.npmjs.org/@scarf/scarf/-/scarf-1.4.0.tgz. Extracting by manifest.
570 silly tarball no local data for swagger-ui-dist@https://registry.npmjs.org/swagger-ui-dist/-/swagger-ui-dist-5.19.0.tgz. Extracting by manifest.
571 silly tarball no local data for argparse@https://registry.npmjs.org/argparse/-/argparse-2.0.1.tgz. Extracting by manifest.
572 silly tarball no local data for js-yaml@https://registry.npmjs.org/js-yaml/-/js-yaml-4.1.0.tgz. Extracting by manifest.
573 silly tarball no local data for @types/json-schema@https://registry.npmjs.org/@types/json-schema/-/json-schema-7.0.15.tgz. Extracting by manifest.
574 silly tarball no local data for z-schema@https://registry.npmjs.org/z-schema/-/z-schema-5.0.5.tgz. Extracting by manifest.
575 silly tarball no local data for call-me-maybe@https://registry.npmjs.org/call-me-maybe/-/call-me-maybe-1.0.2.tgz. Extracting by manifest.
576 silly tarball no local data for @jsdevtools/ono@https://registry.npmjs.org/@jsdevtools/ono/-/ono-7.1.3.tgz. Extracting by manifest.
577 silly tarball no local data for @apidevtools/swagger-methods@https://registry.npmjs.org/@apidevtools/swagger-methods/-/swagger-methods-3.0.2.tgz. Extracting by manifest.
578 silly tarball no local data for @apidevtools/openapi-schemas@https://registry.npmjs.org/@apidevtools/openapi-schemas/-/openapi-schemas-2.1.0.tgz. Extracting by manifest.
579 silly tarball no local data for @apidevtools/json-schema-ref-parser@https://registry.npmjs.org/@apidevtools/json-schema-ref-parser/-/json-schema-ref-parser-9.1.2.tgz. Extracting by manifest.
580 silly tarball no local data for openapi-types@https://registry.npmjs.org/openapi-types/-/openapi-types-12.1.3.tgz. Extracting by manifest.
581 silly tarball no local data for @apidevtools/swagger-parser@https://registry.npmjs.org/@apidevtools/swagger-parser/-/swagger-parser-10.0.3.tgz. Extracting by manifest.
582 silly tarball no local data for concat-map@https://registry.npmjs.org/concat-map/-/concat-map-0.0.1.tgz. Extracting by manifest.
583 silly tarball no local data for balanced-match@https://registry.npmjs.org/balanced-match/-/balanced-match-1.0.2.tgz. Extracting by manifest.
584 silly tarball no local data for brace-expansion@https://registry.npmjs.org/brace-expansion/-/brace-expansion-1.1.11.tgz. Extracting by manifest.
585 silly tarball no local data for wrappy@https://registry.npmjs.org/wrappy/-/wrappy-1.0.2.tgz. Extracting by manifest.
586 silly tarball no local data for path-is-absolute@https://registry.npmjs.org/path-is-absolute/-/path-is-absolute-1.0.1.tgz. Extracting by manifest.
587 silly tarball no local data for once@https://registry.npmjs.org/once/-/once-1.4.0.tgz. Extracting by manifest.
588 silly tarball no local data for minimatch@https://registry.npmjs.org/minimatch/-/minimatch-3.1.2.tgz. Extracting by manifest.
589 silly tarball no local data for inflight@https://registry.npmjs.org/inflight/-/inflight-1.0.6.tgz. Extracting by manifest.
590 silly tarball no local data for fs.realpath@https://registry.npmjs.org/fs.realpath/-/fs.realpath-1.0.0.tgz. Extracting by manifest.
591 silly tarball no local data for esutils@https://registry.npmjs.org/esutils/-/esutils-2.0.3.tgz. Extracting by manifest.
592 silly tarball no local data for yaml@https://registry.npmjs.org/yaml/-/yaml-2.0.0-1.tgz. Extracting by manifest.
593 silly tarball no local data for swagger-parser@https://registry.npmjs.org/swagger-parser/-/swagger-parser-10.0.3.tgz. Extracting by manifest.
594 silly tarball no local data for lodash.mergewith@https://registry.npmjs.org/lodash.mergewith/-/lodash.mergewith-4.6.2.tgz. Extracting by manifest.
595 silly tarball no local data for glob@https://registry.npmjs.org/glob/-/glob-7.1.6.tgz. Extracting by manifest.
596 silly tarball no local data for doctrine@https://registry.npmjs.org/doctrine/-/doctrine-3.0.0.tgz. Extracting by manifest.
597 silly tarball no local data for commander@https://registry.npmjs.org/commander/-/commander-6.2.0.tgz. Extracting by manifest.
598 silly tarball no local data for dunder-proto@https://registry.npmjs.org/dunder-proto/-/dunder-proto-1.0.1.tgz. Extracting by manifest.
599 silly tarball no local data for math-intrinsics@https://registry.npmjs.org/math-intrinsics/-/math-intrinsics-1.1.0.tgz. Extracting by manifest.
600 silly tarball no local data for hasown@https://registry.npmjs.org/hasown/-/hasown-2.0.2.tgz. Extracting by manifest.
601 silly tarball no local data for has-symbols@https://registry.npmjs.org/has-symbols/-/has-symbols-1.1.0.tgz. Extracting by manifest.
602 silly tarball no local data for gopd@https://registry.npmjs.org/gopd/-/gopd-1.2.0.tgz. Extracting by manifest.
603 silly tarball no local data for get-proto@https://registry.npmjs.org/get-proto/-/get-proto-1.0.1.tgz. Extracting by manifest.
604 silly tarball no local data for es-object-atoms@https://registry.npmjs.org/es-object-atoms/-/es-object-atoms-1.1.1.tgz. Extracting by manifest.
605 silly tarball no local data for es-define-property@https://registry.npmjs.org/es-define-property/-/es-define-property-1.0.1.tgz. Extracting by manifest.
606 silly tarball no local data for function-bind@https://registry.npmjs.org/function-bind/-/function-bind-1.1.2.tgz. Extracting by manifest.
607 silly tarball no local data for call-bind-apply-helpers@https://registry.npmjs.org/call-bind-apply-helpers/-/call-bind-apply-helpers-1.0.2.tgz. Extracting by manifest.
608 silly tarball no local data for get-intrinsic@https://registry.npmjs.org/get-intrinsic/-/get-intrinsic-1.3.0.tgz. Extracting by manifest.
609 silly tarball no local data for call-bound@https://registry.npmjs.org/call-bound/-/call-bound-1.0.3.tgz. Extracting by manifest.
610 silly tarball no local data for side-channel-weakmap@https://registry.npmjs.org/side-channel-weakmap/-/side-channel-weakmap-1.0.2.tgz. Extracting by manifest.
611 silly tarball no local data for side-channel-map@https://registry.npmjs.org/side-channel-map/-/side-channel-map-1.0.1.tgz. Extracting by manifest.
612 silly tarball no local data for side-channel-list@https://registry.npmjs.org/side-channel-list/-/side-channel-list-1.0.0.tgz. Extracting by manifest.
613 silly tarball no local data for object-inspect@https://registry.npmjs.org/object-inspect/-/object-inspect-1.13.4.tgz. Extracting by manifest.
614 silly tarball no local data for es-errors@https://registry.npmjs.org/es-errors/-/es-errors-1.3.0.tgz. Extracting by manifest.
615 silly tarball no local data for mime@https://registry.npmjs.org/mime/-/mime-1.6.0.tgz. Extracting by manifest.
616 silly tarball no local data for side-channel@https://registry.npmjs.org/side-channel/-/side-channel-1.1.0.tgz. Extracting by manifest.
617 silly tarball no local data for ipaddr.js@https://registry.npmjs.org/ipaddr.js/-/ipaddr.js-1.9.1.tgz. Extracting by manifest.
618 silly tarball no local data for forwarded@https://registry.npmjs.org/forwarded/-/forwarded-0.2.0.tgz. Extracting by manifest.
619 silly tarball no local data for ee-first@https://registry.npmjs.org/ee-first/-/ee-first-1.1.1.tgz. Extracting by manifest.
620 silly tarball no local data for mime-db@https://registry.npmjs.org/mime-db/-/mime-db-1.52.0.tgz. Extracting by manifest.
621 silly tarball no local data for safer-buffer@https://registry.npmjs.org/safer-buffer/-/safer-buffer-2.1.2.tgz. Extracting by manifest.
622 silly tarball no local data for toidentifier@https://registry.npmjs.org/toidentifier/-/toidentifier-1.0.1.tgz. Extracting by manifest.
623 silly tarball no local data for inherits@https://registry.npmjs.org/inherits/-/inherits-2.0.4.tgz. Extracting by manifest.
624 silly tarball no local data for negotiator@https://registry.npmjs.org/negotiator/-/negotiator-0.6.3.tgz. Extracting by manifest.
625 silly tarball no local data for mime-types@https://registry.npmjs.org/mime-types/-/mime-types-2.1.35.tgz. Extracting by manifest.
626 silly tarball no local data for utils-merge@https://registry.npmjs.org/utils-merge/-/utils-merge-1.0.1.tgz. Extracting by manifest.
627 silly tarball no local data for statuses@https://registry.npmjs.org/statuses/-/statuses-2.0.1.tgz. Extracting by manifest.
628 silly tarball no local data for setprototypeof@https://registry.npmjs.org/setprototypeof/-/setprototypeof-1.2.0.tgz. Extracting by manifest.
629 silly tarball no local data for serve-static@https://registry.npmjs.org/serve-static/-/serve-static-1.16.2.tgz. Extracting by manifest.
630 silly tarball no local data for send@https://registry.npmjs.org/send/-/send-0.19.0.tgz. Extracting by manifest.
631 silly tarball no local data for safe-buffer@https://registry.npmjs.org/safe-buffer/-/safe-buffer-5.2.1.tgz. Extracting by manifest.
632 silly tarball no local data for range-parser@https://registry.npmjs.org/range-parser/-/range-parser-1.2.1.tgz. Extracting by manifest.
633 silly tarball no local data for proxy-addr@https://registry.npmjs.org/proxy-addr/-/proxy-addr-2.0.7.tgz. Extracting by manifest.
634 silly tarball no local data for path-to-regexp@https://registry.npmjs.org/path-to-regexp/-/path-to-regexp-0.1.12.tgz. Extracting by manifest.
635 silly tarball no local data for parseurl@https://registry.npmjs.org/parseurl/-/parseurl-1.3.3.tgz. Extracting by manifest.
636 silly tarball no local data for methods@https://registry.npmjs.org/methods/-/methods-1.1.2.tgz. Extracting by manifest.
637 silly tarball no local data for merge-descriptors@https://registry.npmjs.org/merge-descriptors/-/merge-descriptors-1.0.3.tgz. Extracting by manifest.
638 silly tarball no local data for fresh@https://registry.npmjs.org/fresh/-/fresh-0.5.2.tgz. Extracting by manifest.
639 silly tarball no local data for finalhandler@https://registry.npmjs.org/finalhandler/-/finalhandler-1.3.1.tgz. Extracting by manifest.
640 silly tarball no local data for etag@https://registry.npmjs.org/etag/-/etag-1.8.1.tgz. Extracting by manifest.
641 silly tarball no local data for escape-html@https://registry.npmjs.org/escape-html/-/escape-html-1.0.3.tgz. Extracting by manifest.
642 silly tarball no local data for encodeurl@https://registry.npmjs.org/encodeurl/-/encodeurl-2.0.0.tgz. Extracting by manifest.
643 silly tarball no local data for cookie-signature@https://registry.npmjs.org/cookie-signature/-/cookie-signature-1.0.6.tgz. Extracting by manifest.
644 silly tarball no local data for cookie@https://registry.npmjs.org/cookie/-/cookie-0.7.1.tgz. Extracting by manifest.
645 silly tarball no local data for content-disposition@https://registry.npmjs.org/content-disposition/-/content-disposition-0.5.4.tgz. Extracting by manifest.
646 silly tarball no local data for array-flatten@https://registry.npmjs.org/array-flatten/-/array-flatten-1.1.1.tgz. Extracting by manifest.
647 silly tarball no local data for accepts@https://registry.npmjs.org/accepts/-/accepts-1.3.8.tgz. Extracting by manifest.
648 silly tarball no local data for ms@https://registry.npmjs.org/ms/-/ms-2.0.0.tgz. Extracting by manifest.
649 silly tarball no local data for vary@https://registry.npmjs.org/vary/-/vary-1.1.2.tgz. Extracting by manifest.
650 silly tarball no local data for object-assign@https://registry.npmjs.org/object-assign/-/object-assign-4.1.1.tgz. Extracting by manifest.
651 silly tarball no local data for unpipe@https://registry.npmjs.org/unpipe/-/unpipe-1.0.0.tgz. Extracting by manifest.
652 silly tarball no local data for type-is@https://registry.npmjs.org/type-is/-/type-is-1.6.18.tgz. Extracting by manifest.
653 silly tarball no local data for raw-body@https://registry.npmjs.org/raw-body/-/raw-body-2.5.2.tgz. Extracting by manifest.
654 silly tarball no local data for qs@https://registry.npmjs.org/qs/-/qs-6.13.0.tgz. Extracting by manifest.
655 silly tarball no local data for on-finished@https://registry.npmjs.org/on-finished/-/on-finished-2.4.1.tgz. Extracting by manifest.
656 silly tarball no local data for iconv-lite@https://registry.npmjs.org/iconv-lite/-/iconv-lite-0.4.24.tgz. Extracting by manifest.
657 silly tarball no local data for http-errors@https://registry.npmjs.org/http-errors/-/http-errors-2.0.0.tgz. Extracting by manifest.
658 silly tarball no local data for destroy@https://registry.npmjs.org/destroy/-/destroy-1.2.0.tgz. Extracting by manifest.
659 silly tarball no local data for depd@https://registry.npmjs.org/depd/-/depd-2.0.0.tgz. Extracting by manifest.
660 silly tarball no local data for debug@https://registry.npmjs.org/debug/-/debug-2.6.9.tgz. Extracting by manifest.
661 silly tarball no local data for content-type@https://registry.npmjs.org/content-type/-/content-type-1.0.5.tgz. Extracting by manifest.
662 silly tarball no local data for bytes@https://registry.npmjs.org/bytes/-/bytes-3.1.2.tgz. Extracting by manifest.
663 silly tarball no local data for swagger-ui-express@https://registry.npmjs.org/swagger-ui-express/-/swagger-ui-express-5.0.1.tgz. Extracting by manifest.
664 silly tarball no local data for swagger-jsdoc@https://registry.npmjs.org/swagger-jsdoc/-/swagger-jsdoc-6.2.8.tgz. Extracting by manifest.
665 silly tarball no local data for express@https://registry.npmjs.org/express/-/express-4.21.2.tgz. Extracting by manifest.
666 silly tarball no local data for cors@https://registry.npmjs.org/cors/-/cors-2.8.5.tgz. Extracting by manifest.
667 silly tarball no local data for body-parser@https://registry.npmjs.org/body-parser/-/body-parser-1.20.3.tgz. Extracting by manifest.
668 silly tarball no local data for commander@https://registry.npmjs.org/commander/-/commander-9.5.0.tgz. Extracting by manifest.
669 silly tarball no local data for ms@https://registry.npmjs.org/ms/-/ms-2.1.3.tgz. Extracting by manifest.
670 silly tarball no local data for encodeurl@https://registry.npmjs.org/encodeurl/-/encodeurl-1.0.2.tgz. Extracting by manifest.
671 http fetch GET 200 https://registry.npmjs.org/lodash.isequal/-/lodash.isequal-4.5.0.tgz 989ms (cache miss)
672 warn deprecated lodash.isequal@4.5.0: This package is deprecated. Use require('node:util').isDeepStrictEqual instead.
673 http fetch GET 200 https://registry.npmjs.org/openapi-types/-/openapi-types-12.1.3.tgz 1091ms (cache miss)
674 http fetch GET 200 https://registry.npmjs.org/concat-map/-/concat-map-0.0.1.tgz 1091ms (cache miss)
675 http fetch GET 200 https://registry.npmjs.org/balanced-match/-/balanced-match-1.0.2.tgz 1161ms (cache miss)
676 http fetch GET 200 https://registry.npmjs.org/call-me-maybe/-/call-me-maybe-1.0.2.tgz 1169ms (cache miss)
677 http fetch GET 200 https://registry.npmjs.org/@apidevtools/swagger-parser/-/swagger-parser-10.0.3.tgz 1188ms (cache miss)
678 http fetch GET 200 https://registry.npmjs.org/path-is-absolute/-/path-is-absolute-1.0.1.tgz 1212ms (cache miss)
679 http fetch GET 200 https://registry.npmjs.org/has-symbols/-/has-symbols-1.1.0.tgz 1196ms (cache miss)
680 http fetch GET 200 https://registry.npmjs.org/es-object-atoms/-/es-object-atoms-1.1.1.tgz 1195ms (cache miss)
681 http fetch GET 200 https://registry.npmjs.org/lodash.get/-/lodash.get-4.4.2.tgz 1262ms (cache miss)
682 warn deprecated lodash.get@4.4.2: This package is deprecated. Use the optional chaining (?.) operator instead.
683 http fetch GET 200 https://registry.npmjs.org/wrappy/-/wrappy-1.0.2.tgz 1231ms (cache miss)
684 http fetch GET 200 https://registry.npmjs.org/once/-/once-1.4.0.tgz 1230ms (cache miss)
685 http fetch GET 200 https://registry.npmjs.org/media-typer/-/media-typer-0.3.0.tgz 1286ms (cache miss)
686 http fetch GET 200 https://registry.npmjs.org/brace-expansion/-/brace-expansion-1.1.11.tgz 1261ms (cache miss)
687 http fetch GET 200 https://registry.npmjs.org/minimatch/-/minimatch-3.1.2.tgz 1257ms (cache miss)
688 http fetch GET 200 https://registry.npmjs.org/inflight/-/inflight-1.0.6.tgz 1256ms (cache miss)
689 warn deprecated inflight@1.0.6: This module is not supported, and leaks memory. Do not use it. Check out lru-cache if you want a good and tested way to coalesce async requests by a key value, which is much more comprehensive and powerful.
690 http fetch GET 200 https://registry.npmjs.org/math-intrinsics/-/math-intrinsics-1.1.0.tgz 1245ms (cache miss)
691 http fetch GET 200 https://registry.npmjs.org/fs.realpath/-/fs.realpath-1.0.0.tgz 1273ms (cache miss)
692 http fetch GET 200 https://registry.npmjs.org/esutils/-/esutils-2.0.3.tgz 1273ms (cache miss)
693 http fetch GET 200 https://registry.npmjs.org/toidentifier/-/toidentifier-1.0.1.tgz 1241ms (cache miss)
694 http fetch GET 200 https://registry.npmjs.org/@apidevtools/swagger-methods/-/swagger-methods-3.0.2.tgz 1313ms (cache miss)
695 http fetch GET 200 https://registry.npmjs.org/forwarded/-/forwarded-0.2.0.tgz 1272ms (cache miss)
696 http fetch GET 200 https://registry.npmjs.org/hasown/-/hasown-2.0.2.tgz 1306ms (cache miss)
697 http fetch GET 200 https://registry.npmjs.org/get-proto/-/get-proto-1.0.1.tgz 1306ms (cache miss)
698 http fetch GET 200 https://registry.npmjs.org/mime/-/mime-1.6.0.tgz 1290ms (cache miss)
699 http fetch GET 200 https://registry.npmjs.org/call-bind-apply-helpers/-/call-bind-apply-helpers-1.0.2.tgz 1298ms (cache miss)
700 http fetch GET 200 https://registry.npmjs.org/serve-static/-/serve-static-1.16.2.tgz 1276ms (cache miss)
701 http fetch GET 200 https://registry.npmjs.org/safe-buffer/-/safe-buffer-5.2.1.tgz 1276ms (cache miss)
702 http fetch GET 200 https://registry.npmjs.org/inherits/-/inherits-2.0.4.tgz 1283ms (cache miss)
703 http fetch GET 200 https://registry.npmjs.org/utils-merge/-/utils-merge-1.0.1.tgz 1281ms (cache miss)
704 http fetch GET 200 https://registry.npmjs.org/setprototypeof/-/setprototypeof-1.2.0.tgz 1279ms (cache miss)
705 http fetch GET 200 https://registry.npmjs.org/@types/json-schema/-/json-schema-7.0.15.tgz 1365ms (cache miss)
706 http fetch GET 200 https://registry.npmjs.org/call-bound/-/call-bound-1.0.3.tgz 1320ms (cache miss)
707 http fetch GET 200 https://registry.npmjs.org/side-channel/-/side-channel-1.1.0.tgz 1316ms (cache miss)
708 http fetch GET 200 https://registry.npmjs.org/ee-first/-/ee-first-1.1.1.tgz 1314ms (cache miss)
709 http fetch GET 200 https://registry.npmjs.org/merge-descriptors/-/merge-descriptors-1.0.3.tgz 1285ms (cache miss)
710 http fetch GET 200 https://registry.npmjs.org/methods/-/methods-1.1.2.tgz 1287ms (cache miss)
711 http fetch GET 200 https://registry.npmjs.org/cookie-signature/-/cookie-signature-1.0.6.tgz 1282ms (cache miss)
712 http fetch GET 200 https://registry.npmjs.org/es-define-property/-/es-define-property-1.0.1.tgz 1341ms (cache miss)
713 http fetch GET 200 https://registry.npmjs.org/function-bind/-/function-bind-1.1.2.tgz 1340ms (cache miss)
714 http fetch GET 200 https://registry.npmjs.org/side-channel-weakmap/-/side-channel-weakmap-1.0.2.tgz 1344ms (cache miss)
715 http fetch GET 200 https://registry.npmjs.org/fresh/-/fresh-0.5.2.tgz 1309ms (cache miss)
716 http fetch GET 200 https://registry.npmjs.org/range-parser/-/range-parser-1.2.1.tgz 1321ms (cache miss)
717 http fetch GET 200 https://registry.npmjs.org/escape-html/-/escape-html-1.0.3.tgz 1308ms (cache miss)
718 http fetch GET 200 https://registry.npmjs.org/array-flatten/-/array-flatten-1.1.1.tgz 1303ms (cache miss)
719 http fetch GET 200 https://registry.npmjs.org/encodeurl/-/encodeurl-2.0.0.tgz 1308ms (cache miss)
720 http fetch GET 200 https://registry.npmjs.org/@scarf/scarf/-/scarf-1.4.0.tgz 1421ms (cache miss)
721 http fetch GET 200 https://registry.npmjs.org/gopd/-/gopd-1.2.0.tgz 1374ms (cache miss)
722 http fetch GET 200 https://registry.npmjs.org/safer-buffer/-/safer-buffer-2.1.2.tgz 1345ms (cache miss)
723 http fetch GET 200 https://registry.npmjs.org/mime-db/-/mime-db-1.52.0.tgz 1355ms (cache miss)
724 http fetch GET 200 https://registry.npmjs.org/send/-/send-0.19.0.tgz 1338ms (cache miss)
725 http fetch GET 200 https://registry.npmjs.org/etag/-/etag-1.8.1.tgz 1324ms (cache miss)
726 http fetch GET 200 https://registry.npmjs.org/content-disposition/-/content-disposition-0.5.4.tgz 1320ms (cache miss)
727 http fetch GET 200 https://registry.npmjs.org/accepts/-/accepts-1.3.8.tgz 1318ms (cache miss)
728 http fetch GET 200 https://registry.npmjs.org/vary/-/vary-1.1.2.tgz 1300ms (cache miss)
729 http fetch GET 200 https://registry.npmjs.org/statuses/-/statuses-2.0.1.tgz 1363ms (cache miss)
730 http fetch GET 200 https://registry.npmjs.org/proxy-addr/-/proxy-addr-2.0.7.tgz 1359ms (cache miss)
731 http fetch GET 200 https://registry.npmjs.org/finalhandler/-/finalhandler-1.3.1.tgz 1348ms (cache miss)
732 http fetch GET 200 https://registry.npmjs.org/cookie/-/cookie-0.7.1.tgz 1345ms (cache miss)
733 http fetch GET 200 https://registry.npmjs.org/destroy/-/destroy-1.2.0.tgz 1285ms (cache miss)
734 http fetch GET 200 https://registry.npmjs.org/side-channel-map/-/side-channel-map-1.0.1.tgz 1402ms (cache miss)
735 http fetch GET 200 https://registry.npmjs.org/path-to-regexp/-/path-to-regexp-0.1.12.tgz 1374ms (cache miss)
736 http fetch GET 200 https://registry.npmjs.org/parseurl/-/parseurl-1.3.3.tgz 1374ms (cache miss)
737 http fetch GET 200 https://registry.npmjs.org/ms/-/ms-2.0.0.tgz 1356ms (cache miss)
738 http fetch GET 200 https://registry.npmjs.org/type-is/-/type-is-1.6.18.tgz 1305ms (cache miss)
739 http fetch GET 200 https://registry.npmjs.org/unpipe/-/unpipe-1.0.0.tgz 1317ms (cache miss)
740 http fetch GET 200 https://registry.npmjs.org/on-finished/-/on-finished-2.4.1.tgz 1304ms (cache miss)
741 http fetch GET 200 https://registry.npmjs.org/bytes/-/bytes-3.1.2.tgz 1299ms (cache miss)
742 http fetch GET 200 https://registry.npmjs.org/body-parser/-/body-parser-1.20.3.tgz 1297ms (cache miss)
743 http fetch GET 200 https://registry.npmjs.org/swagger-parser/-/swagger-parser-10.0.3.tgz 1433ms (cache miss)
744 http fetch GET 200 https://registry.npmjs.org/side-channel-list/-/side-channel-list-1.0.0.tgz 1414ms (cache miss)
745 http fetch GET 200 https://registry.npmjs.org/mime-types/-/mime-types-2.1.35.tgz 1395ms (cache miss)
746 http fetch GET 200 https://registry.npmjs.org/swagger-ui-express/-/swagger-ui-express-5.0.1.tgz 1313ms (cache miss)
747 http fetch GET 200 https://registry.npmjs.org/cors/-/cors-2.8.5.tgz 1311ms (cache miss)
748 http fetch GET 200 https://registry.npmjs.org/encodeurl/-/encodeurl-1.0.2.tgz 1308ms (cache miss)
749 http fetch GET 200 https://registry.npmjs.org/lodash.mergewith/-/lodash.mergewith-4.6.2.tgz 1444ms (cache miss)
750 http fetch GET 200 https://registry.npmjs.org/object-assign/-/object-assign-4.1.1.tgz 1355ms (cache miss)
751 http fetch GET 200 https://registry.npmjs.org/content-type/-/content-type-1.0.5.tgz 1323ms (cache miss)
752 http fetch GET 200 https://registry.npmjs.org/depd/-/depd-2.0.0.tgz 1326ms (cache miss)
753 http fetch GET 200 https://registry.npmjs.org/http-errors/-/http-errors-2.0.0.tgz 1335ms (cache miss)
754 http fetch GET 200 https://registry.npmjs.org/ms/-/ms-2.1.3.tgz 1325ms (cache miss)
755 http fetch GET 200 https://registry.npmjs.org/dunder-proto/-/dunder-proto-1.0.1.tgz 1460ms (cache miss)
756 http fetch GET 200 https://registry.npmjs.org/es-errors/-/es-errors-1.3.0.tgz 1442ms (cache miss)
757 http fetch GET 200 https://registry.npmjs.org/ipaddr.js/-/ipaddr.js-1.9.1.tgz 1440ms (cache miss)
758 http fetch GET 200 https://registry.npmjs.org/negotiator/-/negotiator-0.6.3.tgz 1453ms (cache miss)
759 http fetch GET 200 https://registry.npmjs.org/glob/-/glob-7.1.6.tgz 1497ms (cache miss)
760 warn deprecated glob@7.1.6: Glob versions prior to v9 are no longer supported
761 http fetch GET 200 https://registry.npmjs.org/get-intrinsic/-/get-intrinsic-1.3.0.tgz 1499ms (cache miss)
762 http fetch GET 200 https://registry.npmjs.org/raw-body/-/raw-body-2.5.2.tgz 1409ms (cache miss)
763 http fetch GET 200 https://registry.npmjs.org/debug/-/debug-2.6.9.tgz 1408ms (cache miss)
764 http fetch GET 200 https://registry.npmjs.org/doctrine/-/doctrine-3.0.0.tgz 1539ms (cache miss)
765 http fetch GET 200 https://registry.npmjs.org/commander/-/commander-9.5.0.tgz 1415ms (cache miss)
766 http fetch GET 200 https://registry.npmjs.org/commander/-/commander-6.2.0.tgz 1558ms (cache miss)
767 http fetch GET 200 https://registry.npmjs.org/argparse/-/argparse-2.0.1.tgz 1680ms (cache miss)
768 http fetch GET 200 https://registry.npmjs.org/qs/-/qs-6.13.0.tgz 1525ms (cache miss)
769 http fetch GET 200 https://registry.npmjs.org/iconv-lite/-/iconv-lite-0.4.24.tgz 1563ms (cache miss)
770 http fetch GET 200 https://registry.npmjs.org/object-inspect/-/object-inspect-1.13.4.tgz 1666ms (cache miss)
771 http fetch GET 200 https://registry.npmjs.org/express/-/express-4.21.2.tgz 1566ms (cache miss)
772 http fetch GET 200 https://registry.npmjs.org/@apidevtools/json-schema-ref-parser/-/json-schema-ref-parser-9.1.2.tgz 1718ms (cache miss)
773 http fetch GET 200 https://registry.npmjs.org/@jsdevtools/ono/-/ono-7.1.3.tgz 1748ms (cache miss)
774 http fetch GET 200 https://registry.npmjs.org/@apidevtools/openapi-schemas/-/openapi-schemas-2.1.0.tgz 1751ms (cache miss)
775 http fetch GET 200 https://registry.npmjs.org/yaml/-/yaml-2.0.0-1.tgz 1755ms (cache miss)
776 http fetch GET 200 https://registry.npmjs.org/js-yaml/-/js-yaml-4.1.0.tgz 1794ms (cache miss)
777 http fetch GET 200 https://registry.npmjs.org/z-schema/-/z-schema-5.0.5.tgz 1896ms (cache miss)
778 http fetch GET 200 https://registry.npmjs.org/swagger-jsdoc/-/swagger-jsdoc-6.2.8.tgz 1739ms (cache miss)
779 http fetch GET 200 https://registry.npmjs.org/validator/-/validator-13.12.0.tgz 1951ms (cache miss)
780 http fetch GET 200 https://registry.npmjs.org/swagger-ui-dist/-/swagger-ui-dist-5.19.0.tgz 2024ms (cache miss)
781 info run @scarf/scarf@1.4.0 postinstall node_modules/@scarf/scarf node ./report.js
782 info run @scarf/scarf@1.4.0 postinstall { code: 0, signal: null }
783 silly ADD node_modules/validator
784 silly ADD node_modules/lodash.isequal
785 silly ADD node_modules/lodash.get
786 silly ADD node_modules/media-typer
787 silly ADD node_modules/@scarf/scarf
788 silly ADD node_modules/swagger-ui-dist
789 silly ADD node_modules/argparse
790 silly ADD node_modules/js-yaml
791 silly ADD node_modules/@types/json-schema
792 silly ADD node_modules/z-schema
793 silly ADD node_modules/z-schema/node_modules/commander
794 silly ADD node_modules/call-me-maybe
795 silly ADD node_modules/@jsdevtools/ono
796 silly ADD node_modules/@apidevtools/swagger-methods
797 silly ADD node_modules/@apidevtools/openapi-schemas
798 silly ADD node_modules/@apidevtools/json-schema-ref-parser
799 silly ADD node_modules/openapi-types
800 silly ADD node_modules/@apidevtools/swagger-parser
801 silly ADD node_modules/concat-map
802 silly ADD node_modules/balanced-match
803 silly ADD node_modules/brace-expansion
804 silly ADD node_modules/wrappy
805 silly ADD node_modules/path-is-absolute
806 silly ADD node_modules/once
807 silly ADD node_modules/minimatch
808 silly ADD node_modules/inflight
809 silly ADD node_modules/fs.realpath
810 silly ADD node_modules/esutils
811 silly ADD node_modules/yaml
812 silly ADD node_modules/swagger-parser
813 silly ADD node_modules/lodash.mergewith
814 silly ADD node_modules/glob
815 silly ADD node_modules/doctrine
816 silly ADD node_modules/commander
817 silly ADD node_modules/dunder-proto
818 silly ADD node_modules/math-intrinsics
819 silly ADD node_modules/hasown
820 silly ADD node_modules/has-symbols
821 silly ADD node_modules/gopd
822 silly ADD node_modules/get-proto
823 silly ADD node_modules/es-object-atoms
824 silly ADD node_modules/es-define-property
825 silly ADD node_modules/function-bind
826 silly ADD node_modules/call-bind-apply-helpers
827 silly ADD node_modules/get-intrinsic
828 silly ADD node_modules/call-bound
829 silly ADD node_modules/side-channel-weakmap
830 silly ADD node_modules/side-channel-map
831 silly ADD node_modules/side-channel-list
832 silly ADD node_modules/object-inspect
833 silly ADD node_modules/es-errors
834 silly ADD node_modules/mime
835 silly ADD node_modules/side-channel
836 silly ADD node_modules/ipaddr.js
837 silly ADD node_modules/forwarded
838 silly ADD node_modules/ee-first
839 silly ADD node_modules/mime-db
840 silly ADD node_modules/safer-buffer
841 silly ADD node_modules/toidentifier
842 silly ADD node_modules/inherits
843 silly ADD node_modules/negotiator
844 silly ADD node_modules/mime-types
845 silly ADD node_modules/utils-merge
846 silly ADD node_modules/statuses
847 silly ADD node_modules/setprototypeof
848 silly ADD node_modules/serve-static
849 silly ADD node_modules/send
850 silly ADD node_modules/send/node_modules/ms
851 silly ADD node_modules/send/node_modules/encodeurl
852 silly ADD node_modules/safe-buffer
853 silly ADD node_modules/range-parser
854 silly ADD node_modules/proxy-addr
855 silly ADD node_modules/path-to-regexp
856 silly ADD node_modules/parseurl
857 silly ADD node_modules/methods
858 silly ADD node_modules/merge-descriptors
859 silly ADD node_modules/fresh
860 silly ADD node_modules/finalhandler
861 silly ADD node_modules/etag
862 silly ADD node_modules/escape-html
863 silly ADD node_modules/encodeurl
864 silly ADD node_modules/cookie-signature
865 silly ADD node_modules/cookie
866 silly ADD node_modules/content-disposition
867 silly ADD node_modules/array-flatten
868 silly ADD node_modules/accepts
869 silly ADD node_modules/ms
870 silly ADD node_modules/vary
871 silly ADD node_modules/object-assign
872 silly ADD node_modules/unpipe
873 silly ADD node_modules/type-is
874 silly ADD node_modules/raw-body
875 silly ADD node_modules/qs
876 silly ADD node_modules/on-finished
877 silly ADD node_modules/iconv-lite
878 silly ADD node_modules/http-errors
879 silly ADD node_modules/destroy
880 silly ADD node_modules/depd
881 silly ADD node_modules/debug
882 silly ADD node_modules/content-type
883 silly ADD node_modules/bytes
884 silly ADD node_modules/swagger-ui-express
885 silly ADD node_modules/swagger-jsdoc
886 silly ADD node_modules/express
887 silly ADD node_modules/cors
888 silly ADD node_modules/body-parser
889 verbose cwd /root
890 verbose os Linux 5.14.0-325.el9.x86_64
891 verbose node v18.20.6
892 verbose npm  v10.8.2
893 notice
893 notice New [31mmajor[39m version of npm available! [31m10.8.2[39m -> [34m11.1.0[39m
893 notice Changelog: [34mhttps://github.com/npm/cli/releases/tag/v11.1.0[39m
893 notice To update run: [4mnpm install -g npm@11.1.0[24m
893 notice  { force: true, [Symbol(proc-log.meta)]: true }
894 verbose exit 0
895 info ok
