0 verbose cli /usr/bin/node /usr/bin/npm
1 info using npm@10.8.2
2 info using node@v18.20.6
3 silly config load:file:/usr/lib/node_modules/npm/npmrc
4 silly config load:file:/root/.npmrc
5 silly config load:file:/usr/etc/npmrc
6 verbose title npm install pm2
7 verbose argv "install" "--global" "pm2"
8 verbose logfile logs-max:10 dir:/root/.npm/_logs/2025-02-23T17_49_53_469Z-
9 verbose logfile /root/.npm/_logs/2025-02-23T17_49_53_469Z-debug-0.log
10 silly packumentCache heap:957349888 maxSize:239337472 maxEntrySize:119668736
11 silly logfile done cleaning log files
12 silly idealTree buildDeps
13 silly fetch manifest pm2@*
14 silly packumentCache full:https://registry.npmjs.org/pm2 cache-miss
15 http fetch GET 200 https://registry.npmjs.org/pm2 156ms (cache miss)
16 silly packumentCache full:https://registry.npmjs.org/pm2 set size:undefined disposed:false
17 silly placeDep ROOT pm2@5.4.3 OK for:  want: *
18 silly fetch manifest async@~3.2.0
19 silly packumentCache full:https://registry.npmjs.org/async cache-miss
20 http fetch GET 200 https://registry.npmjs.org/async 39ms (cache miss)
21 silly packumentCache full:https://registry.npmjs.org/async set size:undefined disposed:false
22 silly fetch manifest chalk@3.0.0
23 silly packumentCache full:https://registry.npmjs.org/chalk cache-miss
24 http fetch GET 200 https://registry.npmjs.org/chalk 48ms (cache miss)
25 silly packumentCache full:https://registry.npmjs.org/chalk set size:undefined disposed:false
26 silly fetch manifest dayjs@~1.11.5
27 silly packumentCache full:https://registry.npmjs.org/dayjs cache-miss
28 http fetch GET 200 https://registry.npmjs.org/dayjs 91ms (cache miss)
29 silly packumentCache full:https://registry.npmjs.org/dayjs set size:undefined disposed:false
30 silly fetch manifest debug@^4.3.1
31 silly packumentCache full:https://registry.npmjs.org/debug cache-miss
32 http fetch GET 200 https://registry.npmjs.org/debug 49ms (cache updated)
33 silly packumentCache full:https://registry.npmjs.org/debug set size:undefined disposed:false
34 silly fetch manifest croner@~4.1.92
35 silly packumentCache full:https://registry.npmjs.org/croner cache-miss
36 http fetch GET 200 https://registry.npmjs.org/croner 55ms (cache miss)
37 silly packumentCache full:https://registry.npmjs.org/croner set size:undefined disposed:false
38 silly fetch manifest fclone@1.0.11
39 silly packumentCache full:https://registry.npmjs.org/fclone cache-miss
40 http fetch GET 200 https://registry.npmjs.org/fclone 64ms (cache miss)
41 silly packumentCache full:https://registry.npmjs.org/fclone set size:undefined disposed:false
42 silly fetch manifest mkdirp@1.0.4
43 silly packumentCache full:https://registry.npmjs.org/mkdirp cache-miss
44 http fetch GET 200 https://registry.npmjs.org/mkdirp 35ms (cache miss)
45 silly packumentCache full:https://registry.npmjs.org/mkdirp set size:undefined disposed:false
46 silly fetch manifest needle@2.4.0
47 silly packumentCache full:https://registry.npmjs.org/needle cache-miss
48 http fetch GET 200 https://registry.npmjs.org/needle 43ms (cache miss)
49 silly packumentCache full:https://registry.npmjs.org/needle set size:undefined disposed:false
50 silly fetch manifest semver@^7.2
51 silly packumentCache full:https://registry.npmjs.org/semver cache-miss
52 http fetch GET 200 https://registry.npmjs.org/semver 47ms (cache miss)
53 silly packumentCache full:https://registry.npmjs.org/semver set size:undefined disposed:false
54 silly fetch manifest vizion@~2.2.1
55 silly packumentCache full:https://registry.npmjs.org/vizion cache-miss
56 http fetch GET 200 https://registry.npmjs.org/vizion 38ms (cache miss)
57 silly packumentCache full:https://registry.npmjs.org/vizion set size:undefined disposed:false
58 silly fetch manifest @pm2/io@~6.0.1
59 silly packumentCache full:https://registry.npmjs.org/@pm2%2fio cache-miss
60 http fetch GET 200 https://registry.npmjs.org/@pm2%2fio 68ms (cache miss)
61 silly packumentCache full:https://registry.npmjs.org/@pm2%2fio set size:undefined disposed:false
62 silly fetch manifest blessed@0.1.81
63 silly packumentCache full:https://registry.npmjs.org/blessed cache-miss
64 http fetch GET 200 https://registry.npmjs.org/blessed 47ms (cache miss)
65 silly packumentCache full:https://registry.npmjs.org/blessed set size:undefined disposed:false
66 silly fetch manifest js-yaml@~4.1.0
67 silly packumentCache full:https://registry.npmjs.org/js-yaml cache-miss
68 http fetch GET 200 https://registry.npmjs.org/js-yaml 41ms (cache updated)
69 silly packumentCache full:https://registry.npmjs.org/js-yaml set size:undefined disposed:false
70 silly fetch manifest chokidar@^3.5.3
71 silly packumentCache full:https://registry.npmjs.org/chokidar cache-miss
72 http fetch GET 200 https://registry.npmjs.org/chokidar 41ms (cache miss)
73 silly packumentCache full:https://registry.npmjs.org/chokidar set size:undefined disposed:false
74 silly fetch manifest enquirer@2.3.6
75 silly packumentCache full:https://registry.npmjs.org/enquirer cache-miss
76 http fetch GET 200 https://registry.npmjs.org/enquirer 32ms (cache miss)
77 silly packumentCache full:https://registry.npmjs.org/enquirer set size:undefined disposed:false
78 silly fetch manifest pidusage@~3.0
79 silly packumentCache full:https://registry.npmjs.org/pidusage cache-miss
80 http fetch GET 200 https://registry.npmjs.org/pidusage 39ms (cache miss)
81 silly packumentCache full:https://registry.npmjs.org/pidusage set size:undefined disposed:false
82 silly fetch manifest pm2-axon@~4.0.1
83 silly packumentCache full:https://registry.npmjs.org/pm2-axon cache-miss
84 http fetch GET 200 https://registry.npmjs.org/pm2-axon 29ms (cache miss)
85 silly packumentCache full:https://registry.npmjs.org/pm2-axon set size:undefined disposed:false
86 silly fetch manifest promptly@^2
87 silly packumentCache full:https://registry.npmjs.org/promptly cache-miss
88 http fetch GET 200 https://registry.npmjs.org/promptly 39ms (cache miss)
89 silly packumentCache full:https://registry.npmjs.org/promptly set size:undefined disposed:false
90 silly fetch manifest commander@2.15.1
91 silly packumentCache full:https://registry.npmjs.org/commander cache-miss
92 http fetch GET 200 https://registry.npmjs.org/commander 39ms (cache updated)
93 silly packumentCache full:https://registry.npmjs.org/commander set size:undefined disposed:false
94 silly fetch manifest @pm2/agent@~2.0.0
95 silly packumentCache full:https://registry.npmjs.org/@pm2%2fagent cache-miss
96 http fetch GET 200 https://registry.npmjs.org/@pm2%2fagent 57ms (cache miss)
97 silly packumentCache full:https://registry.npmjs.org/@pm2%2fagent set size:undefined disposed:false
98 silly fetch manifest pm2-deploy@~1.0.2
99 silly packumentCache full:https://registry.npmjs.org/pm2-deploy cache-miss
100 http fetch GET 200 https://registry.npmjs.org/pm2-deploy 40ms (cache miss)
101 silly packumentCache full:https://registry.npmjs.org/pm2-deploy set size:undefined disposed:false
102 silly fetch manifest sprintf-js@1.1.2
103 silly packumentCache full:https://registry.npmjs.org/sprintf-js cache-miss
104 http fetch GET 200 https://registry.npmjs.org/sprintf-js 41ms (cache miss)
105 silly packumentCache full:https://registry.npmjs.org/sprintf-js set size:undefined disposed:false
106 silly fetch manifest @pm2/js-api@~0.8.0
107 silly packumentCache full:https://registry.npmjs.org/@pm2%2fjs-api cache-miss
108 http fetch GET 200 https://registry.npmjs.org/@pm2%2fjs-api 73ms (cache miss)
109 silly packumentCache full:https://registry.npmjs.org/@pm2%2fjs-api set size:undefined disposed:false
110 silly fetch manifest cli-tableau@^2.0.0
111 silly packumentCache full:https://registry.npmjs.org/cli-tableau cache-miss
112 http fetch GET 200 https://registry.npmjs.org/cli-tableau 38ms (cache miss)
113 silly packumentCache full:https://registry.npmjs.org/cli-tableau set size:undefined disposed:false
114 silly fetch manifest pm2-axon-rpc@~0.7.1
115 silly packumentCache full:https://registry.npmjs.org/pm2-axon-rpc cache-miss
116 http fetch GET 200 https://registry.npmjs.org/pm2-axon-rpc 37ms (cache miss)
117 silly packumentCache full:https://registry.npmjs.org/pm2-axon-rpc set size:undefined disposed:false
118 silly fetch manifest eventemitter2@5.0.1
119 silly packumentCache full:https://registry.npmjs.org/eventemitter2 cache-miss
120 http fetch GET 200 https://registry.npmjs.org/eventemitter2 47ms (cache miss)
121 silly packumentCache full:https://registry.npmjs.org/eventemitter2 set size:undefined disposed:false
122 silly fetch manifest pm2-multimeter@^0.1.2
123 silly packumentCache full:https://registry.npmjs.org/pm2-multimeter cache-miss
124 http fetch GET 200 https://registry.npmjs.org/pm2-multimeter 80ms (cache miss)
125 silly packumentCache full:https://registry.npmjs.org/pm2-multimeter set size:undefined disposed:false
126 silly fetch manifest source-map-support@0.5.21
127 silly packumentCache full:https://registry.npmjs.org/source-map-support cache-miss
128 http fetch GET 200 https://registry.npmjs.org/source-map-support 35ms (cache miss)
129 silly packumentCache full:https://registry.npmjs.org/source-map-support set size:undefined disposed:false
130 silly fetch manifest @pm2/pm2-version-check@latest
131 silly packumentCache full:https://registry.npmjs.org/@pm2%2fpm2-version-check cache-miss
132 http fetch GET 200 https://registry.npmjs.org/@pm2%2fpm2-version-check 44ms (cache miss)
133 silly packumentCache full:https://registry.npmjs.org/@pm2%2fpm2-version-check set size:undefined disposed:false
134 silly fetch manifest pm2-sysmonit@^1.2.8
135 silly packumentCache full:https://registry.npmjs.org/pm2-sysmonit cache-miss
136 http fetch GET 200 https://registry.npmjs.org/pm2-sysmonit 35ms (cache miss)
137 silly packumentCache full:https://registry.npmjs.org/pm2-sysmonit set size:undefined disposed:false
138 silly placeDep node_modules/pm2 @pm2/agent@2.0.4 OK for: pm2@5.4.3 want: ~2.0.0
139 silly placeDep node_modules/pm2 @pm2/io@6.0.1 OK for: pm2@5.4.3 want: ~6.0.1
140 silly placeDep node_modules/pm2 @pm2/js-api@0.8.0 OK for: pm2@5.4.3 want: ~0.8.0
141 silly placeDep node_modules/pm2 @pm2/pm2-version-check@1.0.4 OK for: pm2@5.4.3 want: latest
142 silly placeDep node_modules/pm2 async@3.2.6 OK for: pm2@5.4.3 want: ~3.2.0
143 silly placeDep node_modules/pm2 blessed@0.1.81 OK for: pm2@5.4.3 want: 0.1.81
144 silly placeDep node_modules/pm2 chalk@3.0.0 OK for: pm2@5.4.3 want: 3.0.0
145 silly placeDep node_modules/pm2 chokidar@3.6.0 OK for: pm2@5.4.3 want: ^3.5.3
146 silly placeDep node_modules/pm2 cli-tableau@2.0.1 OK for: pm2@5.4.3 want: ^2.0.0
147 silly placeDep node_modules/pm2 commander@2.15.1 OK for: pm2@5.4.3 want: 2.15.1
148 silly placeDep node_modules/pm2 croner@4.1.97 OK for: pm2@5.4.3 want: ~4.1.92
149 silly placeDep node_modules/pm2 dayjs@1.11.13 OK for: pm2@5.4.3 want: ~1.11.5
150 silly placeDep node_modules/pm2 debug@4.4.0 OK for: pm2@5.4.3 want: ^4.3.1
151 silly placeDep node_modules/pm2 enquirer@2.3.6 OK for: pm2@5.4.3 want: 2.3.6
152 silly placeDep node_modules/pm2 eventemitter2@5.0.1 OK for: pm2@5.4.3 want: 5.0.1
153 silly placeDep node_modules/pm2 fclone@1.0.11 OK for: pm2@5.4.3 want: 1.0.11
154 silly placeDep node_modules/pm2 js-yaml@4.1.0 OK for: pm2@5.4.3 want: ~4.1.0
155 silly placeDep node_modules/pm2 mkdirp@1.0.4 OK for: pm2@5.4.3 want: 1.0.4
156 silly placeDep node_modules/pm2 needle@2.4.0 OK for: pm2@5.4.3 want: 2.4.0
157 silly placeDep node_modules/pm2 pidusage@3.0.2 OK for: pm2@5.4.3 want: ~3.0
158 silly placeDep node_modules/pm2 pm2-axon@4.0.1 OK for: pm2@5.4.3 want: ~4.0.1
159 silly placeDep node_modules/pm2 pm2-axon-rpc@0.7.1 OK for: pm2@5.4.3 want: ~0.7.1
160 silly placeDep node_modules/pm2 pm2-deploy@1.0.2 OK for: pm2@5.4.3 want: ~1.0.2
161 silly placeDep node_modules/pm2 pm2-multimeter@0.1.2 OK for: pm2@5.4.3 want: ^0.1.2
162 silly placeDep node_modules/pm2 pm2-sysmonit@1.2.8 OK for: pm2@5.4.3 want: ^1.2.8
163 silly placeDep node_modules/pm2 promptly@2.2.0 OK for: pm2@5.4.3 want: ^2
164 silly placeDep node_modules/pm2 semver@7.7.1 OK for: pm2@5.4.3 want: ^7.2
165 silly placeDep node_modules/pm2 source-map-support@0.5.21 OK for: pm2@5.4.3 want: 0.5.21
166 silly placeDep node_modules/pm2 sprintf-js@1.1.2 OK for: pm2@5.4.3 want: 1.1.2
167 silly placeDep node_modules/pm2 vizion@2.2.1 OK for: pm2@5.4.3 want: ~2.2.1
168 silly fetch manifest ws@~7.5.10
169 silly packumentCache full:https://registry.npmjs.org/ws cache-miss
170 http fetch GET 200 https://registry.npmjs.org/ws 45ms (cache miss)
171 silly packumentCache full:https://registry.npmjs.org/ws set size:undefined disposed:false
172 silly fetch manifest chalk@~3.0.0
173 silly packumentCache full:https://registry.npmjs.org/chalk cache-miss
174 http fetch GET 200 https://registry.npmjs.org/chalk 14ms (cache hit)
175 silly packumentCache full:https://registry.npmjs.org/chalk set size:122561 disposed:false
176 silly fetch manifest dayjs@~1.8.24
177 silly packumentCache full:https://registry.npmjs.org/dayjs cache-miss
178 http fetch GET 200 https://registry.npmjs.org/dayjs 8ms (cache hit)
179 silly packumentCache full:https://registry.npmjs.org/dayjs set size:463143 disposed:false
180 silly fetch manifest debug@~4.3.1
181 silly packumentCache full:https://registry.npmjs.org/debug cache-miss
182 http fetch GET 200 https://registry.npmjs.org/debug 4ms (cache hit)
183 silly packumentCache full:https://registry.npmjs.org/debug set size:191220 disposed:false
184 silly fetch manifest fclone@~1.0.11
185 silly packumentCache full:https://registry.npmjs.org/fclone cache-miss
186 http fetch GET 200 https://registry.npmjs.org/fclone 3ms (cache hit)
187 silly packumentCache full:https://registry.npmjs.org/fclone set size:19653 disposed:false
188 silly fetch manifest semver@~7.5.0
189 silly packumentCache full:https://registry.npmjs.org/semver cache-miss
190 http fetch GET 200 https://registry.npmjs.org/semver 4ms (cache hit)
191 silly packumentCache full:https://registry.npmjs.org/semver set size:221512 disposed:false
192 silly fetch manifest nssocket@0.6.0
193 silly packumentCache full:https://registry.npmjs.org/nssocket cache-miss
194 http fetch GET 200 https://registry.npmjs.org/nssocket 60ms (cache miss)
195 silly packumentCache full:https://registry.npmjs.org/nssocket set size:undefined disposed:false
196 silly fetch manifest proxy-agent@~6.3.0
197 silly packumentCache full:https://registry.npmjs.org/proxy-agent cache-miss
198 http fetch GET 200 https://registry.npmjs.org/proxy-agent 35ms (cache miss)
199 silly packumentCache full:https://registry.npmjs.org/proxy-agent set size:undefined disposed:false
200 silly fetch manifest pm2-axon-rpc@~0.7.0
201 silly packumentCache full:https://registry.npmjs.org/pm2-axon-rpc cache-miss
202 http fetch GET 200 https://registry.npmjs.org/pm2-axon-rpc 4ms (cache hit)
203 silly packumentCache full:https://registry.npmjs.org/pm2-axon-rpc set size:41743 disposed:false
204 silly fetch manifest eventemitter2@~5.0.1
205 silly packumentCache full:https://registry.npmjs.org/eventemitter2 cache-miss
206 http fetch GET 200 https://registry.npmjs.org/eventemitter2 31ms (cache hit)
207 silly packumentCache full:https://registry.npmjs.org/eventemitter2 set size:172525 disposed:false
208 silly fetch manifest fast-json-patch@^3.0.0-1
209 silly packumentCache full:https://registry.npmjs.org/fast-json-patch cache-miss
210 http fetch GET 200 https://registry.npmjs.org/fast-json-patch 47ms (cache miss)
211 silly packumentCache full:https://registry.npmjs.org/fast-json-patch set size:undefined disposed:false
212 silly fetch manifest async@~2.6.1
213 silly packumentCache full:https://registry.npmjs.org/async cache-miss
214 http fetch GET 200 https://registry.npmjs.org/async 3ms (cache hit)
215 silly packumentCache full:https://registry.npmjs.org/async set size:230496 disposed:false
216 silly fetch manifest tslib@1.9.3
217 silly packumentCache full:https://registry.npmjs.org/tslib cache-miss
218 http fetch GET 200 https://registry.npmjs.org/tslib 71ms (cache miss)
219 silly packumentCache full:https://registry.npmjs.org/tslib set size:undefined disposed:false
220 silly fetch manifest semver@~7.5.4
221 silly packumentCache full:https://registry.npmjs.org/semver cache-hit
222 silly fetch manifest shimmer@^1.2.0
223 silly packumentCache full:https://registry.npmjs.org/shimmer cache-miss
224 http fetch GET 200 https://registry.npmjs.org/shimmer 36ms (cache miss)
225 silly packumentCache full:https://registry.npmjs.org/shimmer set size:undefined disposed:false
226 silly fetch manifest signal-exit@^3.0.3
227 silly packumentCache full:https://registry.npmjs.org/signal-exit cache-miss
228 http fetch GET 200 https://registry.npmjs.org/signal-exit 35ms (cache miss)
229 silly packumentCache full:https://registry.npmjs.org/signal-exit set size:undefined disposed:false
230 silly fetch manifest eventemitter2@^6.3.1
231 silly packumentCache full:https://registry.npmjs.org/eventemitter2 cache-hit
232 silly fetch manifest require-in-the-middle@^5.0.0
233 silly packumentCache full:https://registry.npmjs.org/require-in-the-middle cache-miss
234 http fetch GET 200 https://registry.npmjs.org/require-in-the-middle 37ms (cache miss)
235 silly packumentCache full:https://registry.npmjs.org/require-in-the-middle set size:undefined disposed:false
236 silly fetch manifest async@^2.6.3
237 silly packumentCache full:https://registry.npmjs.org/async cache-hit
238 silly fetch manifest extrareqp2@^1.0.0
239 silly packumentCache full:https://registry.npmjs.org/extrareqp2 cache-miss
240 http fetch GET 200 https://registry.npmjs.org/extrareqp2 53ms (cache miss)
241 silly packumentCache full:https://registry.npmjs.org/extrareqp2 set size:undefined disposed:false
242 silly fetch manifest ws@^7.0.0
243 silly packumentCache full:https://registry.npmjs.org/ws cache-miss
244 http fetch GET 200 https://registry.npmjs.org/ws 4ms (cache hit)
245 silly packumentCache full:https://registry.npmjs.org/ws set size:406002 disposed:false
246 silly fetch manifest ansi-styles@^4.1.0
247 silly packumentCache full:https://registry.npmjs.org/ansi-styles cache-miss
248 http fetch GET 200 https://registry.npmjs.org/ansi-styles 38ms (cache miss)
249 silly packumentCache full:https://registry.npmjs.org/ansi-styles set size:undefined disposed:false
250 silly fetch manifest supports-color@^7.1.0
251 silly packumentCache full:https://registry.npmjs.org/supports-color cache-miss
252 http fetch GET 200 https://registry.npmjs.org/supports-color 34ms (cache miss)
253 silly packumentCache full:https://registry.npmjs.org/supports-color set size:undefined disposed:false
254 silly fetch manifest braces@~3.0.2
255 silly packumentCache full:https://registry.npmjs.org/braces cache-miss
256 http fetch GET 200 https://registry.npmjs.org/braces 54ms (cache miss)
257 silly packumentCache full:https://registry.npmjs.org/braces set size:undefined disposed:false
258 silly fetch manifest is-glob@~4.0.1
259 silly packumentCache full:https://registry.npmjs.org/is-glob cache-miss
260 http fetch GET 200 https://registry.npmjs.org/is-glob 50ms (cache miss)
261 silly packumentCache full:https://registry.npmjs.org/is-glob set size:undefined disposed:false
262 silly fetch manifest anymatch@~3.1.2
263 silly packumentCache full:https://registry.npmjs.org/anymatch cache-miss
264 http fetch GET 200 https://registry.npmjs.org/anymatch 34ms (cache miss)
265 silly packumentCache full:https://registry.npmjs.org/anymatch set size:undefined disposed:false
266 silly fetch manifest readdirp@~3.6.0
267 silly packumentCache full:https://registry.npmjs.org/readdirp cache-miss
268 http fetch GET 200 https://registry.npmjs.org/readdirp 32ms (cache miss)
269 silly packumentCache full:https://registry.npmjs.org/readdirp set size:undefined disposed:false
270 silly fetch manifest glob-parent@~5.1.2
271 silly packumentCache full:https://registry.npmjs.org/glob-parent cache-miss
272 http fetch GET 200 https://registry.npmjs.org/glob-parent 40ms (cache miss)
273 silly packumentCache full:https://registry.npmjs.org/glob-parent set size:undefined disposed:false
274 silly fetch manifest is-binary-path@~2.1.0
275 silly packumentCache full:https://registry.npmjs.org/is-binary-path cache-miss
276 http fetch GET 200 https://registry.npmjs.org/is-binary-path 46ms (cache miss)
277 silly packumentCache full:https://registry.npmjs.org/is-binary-path set size:undefined disposed:false
278 silly fetch manifest normalize-path@~3.0.0
279 silly packumentCache full:https://registry.npmjs.org/normalize-path cache-miss
280 http fetch GET 200 https://registry.npmjs.org/normalize-path 36ms (cache miss)
281 silly packumentCache full:https://registry.npmjs.org/normalize-path set size:undefined disposed:false
282 silly fetch manifest fsevents@~2.3.2
283 silly packumentCache full:https://registry.npmjs.org/fsevents cache-miss
284 http fetch GET 200 https://registry.npmjs.org/fsevents 38ms (cache miss)
285 silly packumentCache full:https://registry.npmjs.org/fsevents set size:undefined disposed:false
286 silly fetch manifest ms@^2.1.3
287 silly packumentCache full:https://registry.npmjs.org/ms cache-miss
288 http fetch GET 200 https://registry.npmjs.org/ms 103ms (cache updated)
289 silly packumentCache full:https://registry.npmjs.org/ms set size:undefined disposed:false
290 silly fetch manifest ansi-colors@^4.1.1
291 silly packumentCache full:https://registry.npmjs.org/ansi-colors cache-miss
292 http fetch GET 200 https://registry.npmjs.org/ansi-colors 40ms (cache miss)
293 silly packumentCache full:https://registry.npmjs.org/ansi-colors set size:undefined disposed:false
294 silly fetch manifest argparse@^2.0.1
295 silly packumentCache full:https://registry.npmjs.org/argparse cache-miss
296 http fetch GET 200 https://registry.npmjs.org/argparse 42ms (cache updated)
297 silly packumentCache full:https://registry.npmjs.org/argparse set size:undefined disposed:false
298 silly fetch manifest debug@^3.2.6
299 silly packumentCache full:https://registry.npmjs.org/debug cache-hit
300 silly fetch manifest iconv-lite@^0.4.4
301 silly packumentCache full:https://registry.npmjs.org/iconv-lite cache-miss
302 http fetch GET 200 https://registry.npmjs.org/iconv-lite 41ms (cache updated)
303 silly packumentCache full:https://registry.npmjs.org/iconv-lite set size:undefined disposed:false
304 silly fetch manifest sax@^1.2.4
305 silly packumentCache full:https://registry.npmjs.org/sax cache-miss
306 http fetch GET 200 https://registry.npmjs.org/sax 49ms (cache miss)
307 silly packumentCache full:https://registry.npmjs.org/sax set size:undefined disposed:false
308 silly fetch manifest safe-buffer@^5.2.1
309 silly packumentCache full:https://registry.npmjs.org/safe-buffer cache-miss
310 http fetch GET 200 https://registry.npmjs.org/safe-buffer 50ms (cache updated)
311 silly packumentCache full:https://registry.npmjs.org/safe-buffer set size:undefined disposed:false
312 silly fetch manifest amp@~0.3.1
313 silly packumentCache full:https://registry.npmjs.org/amp cache-miss
314 http fetch GET 200 https://registry.npmjs.org/amp 46ms (cache miss)
315 silly packumentCache full:https://registry.npmjs.org/amp set size:undefined disposed:false
316 silly fetch manifest amp-message@~0.1.1
317 silly packumentCache full:https://registry.npmjs.org/amp-message cache-miss
318 http fetch GET 200 https://registry.npmjs.org/amp-message 31ms (cache miss)
319 silly packumentCache full:https://registry.npmjs.org/amp-message set size:undefined disposed:false
320 silly fetch manifest escape-string-regexp@^4.0.0
321 silly packumentCache full:https://registry.npmjs.org/escape-string-regexp cache-miss
322 http fetch GET 200 https://registry.npmjs.org/escape-string-regexp 52ms (cache miss)
323 silly packumentCache full:https://registry.npmjs.org/escape-string-regexp set size:undefined disposed:false
324 silly fetch manifest run-series@^1.1.8
325 silly packumentCache full:https://registry.npmjs.org/run-series cache-miss
326 http fetch GET 200 https://registry.npmjs.org/run-series 56ms (cache miss)
327 silly packumentCache full:https://registry.npmjs.org/run-series set size:undefined disposed:false
328 silly fetch manifest tv4@^1.3.0
329 silly packumentCache full:https://registry.npmjs.org/tv4 cache-miss
330 http fetch GET 200 https://registry.npmjs.org/tv4 42ms (cache miss)
331 silly packumentCache full:https://registry.npmjs.org/tv4 set size:undefined disposed:false
332 silly fetch manifest charm@~0.1.1
333 silly packumentCache full:https://registry.npmjs.org/charm cache-miss
334 http fetch GET 200 https://registry.npmjs.org/charm 54ms (cache miss)
335 silly packumentCache full:https://registry.npmjs.org/charm set size:undefined disposed:false
336 silly fetch manifest pidusage@^2.0.21
337 silly packumentCache full:https://registry.npmjs.org/pidusage cache-miss
338 http fetch GET 200 https://registry.npmjs.org/pidusage 8ms (cache hit)
339 silly packumentCache full:https://registry.npmjs.org/pidusage set size:108904 disposed:false
340 silly fetch manifest systeminformation@^5.7
341 silly packumentCache full:https://registry.npmjs.org/systeminformation cache-miss
342 http fetch GET 200 https://registry.npmjs.org/systeminformation 98ms (cache miss)
343 silly packumentCache full:https://registry.npmjs.org/systeminformation set size:undefined disposed:false
344 silly fetch manifest tx2@~1.0.4
345 silly packumentCache full:https://registry.npmjs.org/tx2 cache-miss
346 http fetch GET 200 https://registry.npmjs.org/tx2 54ms (cache miss)
347 silly packumentCache full:https://registry.npmjs.org/tx2 set size:undefined disposed:false
348 silly fetch manifest read@^1.0.4
349 silly packumentCache full:https://registry.npmjs.org/read cache-miss
350 http fetch GET 200 https://registry.npmjs.org/read 50ms (cache miss)
351 silly packumentCache full:https://registry.npmjs.org/read set size:undefined disposed:false
352 silly fetch manifest buffer-from@^1.0.0
353 silly packumentCache full:https://registry.npmjs.org/buffer-from cache-miss
354 http fetch GET 200 https://registry.npmjs.org/buffer-from 39ms (cache miss)
355 silly packumentCache full:https://registry.npmjs.org/buffer-from set size:undefined disposed:false
356 silly fetch manifest source-map@^0.6.0
357 silly packumentCache full:https://registry.npmjs.org/source-map cache-miss
358 http fetch GET 200 https://registry.npmjs.org/source-map 63ms (cache miss)
359 silly packumentCache full:https://registry.npmjs.org/source-map set size:undefined disposed:false
360 silly fetch manifest git-node-fs@^1.0.0
361 silly packumentCache full:https://registry.npmjs.org/git-node-fs cache-miss
362 http fetch GET 200 https://registry.npmjs.org/git-node-fs 50ms (cache miss)
363 silly packumentCache full:https://registry.npmjs.org/git-node-fs set size:undefined disposed:false
364 silly fetch manifest ini@^1.3.5
365 silly packumentCache full:https://registry.npmjs.org/ini cache-miss
366 http fetch GET 200 https://registry.npmjs.org/ini 35ms (cache miss)
367 silly packumentCache full:https://registry.npmjs.org/ini set size:undefined disposed:false
368 silly fetch manifest js-git@^0.7.8
369 silly packumentCache full:https://registry.npmjs.org/js-git cache-miss
370 http fetch GET 200 https://registry.npmjs.org/js-git 42ms (cache miss)
371 silly packumentCache full:https://registry.npmjs.org/js-git set size:undefined disposed:false
372 silly fetch manifest bufferutil@^4.0.1
373 silly packumentCache full:https://registry.npmjs.org/bufferutil cache-miss
374 http fetch GET 200 https://registry.npmjs.org/bufferutil 35ms (cache miss)
375 silly packumentCache full:https://registry.npmjs.org/bufferutil set size:undefined disposed:false
376 silly fetch manifest utf-8-validate@^5.0.2
377 silly packumentCache full:https://registry.npmjs.org/utf-8-validate cache-miss
378 http fetch GET 200 https://registry.npmjs.org/utf-8-validate 45ms (cache miss)
379 silly packumentCache full:https://registry.npmjs.org/utf-8-validate set size:undefined disposed:false
380 silly placeDep node_modules/pm2/node_modules/@pm2/agent dayjs@1.8.36 OK for: @pm2/agent@2.0.4 want: ~1.8.24
381 silly placeDep node_modules/pm2/node_modules/@pm2/agent debug@4.3.7 OK for: @pm2/agent@2.0.4 want: ~4.3.1
382 silly placeDep node_modules/pm2 fast-json-patch@3.1.1 OK for: @pm2/agent@2.0.4 want: ^3.0.0-1
383 silly placeDep node_modules/pm2 nssocket@0.6.0 OK for: @pm2/agent@2.0.4 want: 0.6.0
384 silly placeDep node_modules/pm2 proxy-agent@6.3.1 OK for: @pm2/agent@2.0.4 want: ~6.3.0
385 silly placeDep node_modules/pm2/node_modules/@pm2/agent semver@7.5.4 OK for: @pm2/agent@2.0.4 want: ~7.5.0
386 silly placeDep node_modules/pm2 ws@7.5.10 OK for: @pm2/agent@2.0.4 want: ~7.5.10
387 silly fetch manifest eventemitter2@~0.4.14
388 silly packumentCache full:https://registry.npmjs.org/eventemitter2 cache-hit
389 silly fetch manifest lazy@~1.0.11
390 silly packumentCache full:https://registry.npmjs.org/lazy cache-miss
391 http fetch GET 200 https://registry.npmjs.org/lazy 38ms (cache miss)
392 silly packumentCache full:https://registry.npmjs.org/lazy set size:undefined disposed:false
393 silly fetch manifest lru-cache@^7.14.1
394 silly packumentCache full:https://registry.npmjs.org/lru-cache cache-miss
395 http fetch GET 200 https://registry.npmjs.org/lru-cache 59ms (cache miss)
396 silly packumentCache full:https://registry.npmjs.org/lru-cache set size:undefined disposed:false
397 silly fetch manifest agent-base@^7.0.2
398 silly packumentCache full:https://registry.npmjs.org/agent-base cache-miss
399 http fetch GET 200 https://registry.npmjs.org/agent-base 38ms (cache miss)
400 silly packumentCache full:https://registry.npmjs.org/agent-base set size:undefined disposed:false
401 silly fetch manifest proxy-from-env@^1.1.0
402 silly packumentCache full:https://registry.npmjs.org/proxy-from-env cache-miss
403 http fetch GET 200 https://registry.npmjs.org/proxy-from-env 36ms (cache miss)
404 silly packumentCache full:https://registry.npmjs.org/proxy-from-env set size:undefined disposed:false
405 silly fetch manifest pac-proxy-agent@^7.0.1
406 silly packumentCache full:https://registry.npmjs.org/pac-proxy-agent cache-miss
407 http fetch GET 200 https://registry.npmjs.org/pac-proxy-agent 42ms (cache miss)
408 silly packumentCache full:https://registry.npmjs.org/pac-proxy-agent set size:undefined disposed:false
409 silly fetch manifest http-proxy-agent@^7.0.0
410 silly packumentCache full:https://registry.npmjs.org/http-proxy-agent cache-miss
411 http fetch GET 200 https://registry.npmjs.org/http-proxy-agent 49ms (cache miss)
412 silly packumentCache full:https://registry.npmjs.org/http-proxy-agent set size:undefined disposed:false
413 silly fetch manifest https-proxy-agent@^7.0.2
414 silly packumentCache full:https://registry.npmjs.org/https-proxy-agent cache-miss
415 http fetch GET 200 https://registry.npmjs.org/https-proxy-agent 44ms (cache miss)
416 silly packumentCache full:https://registry.npmjs.org/https-proxy-agent set size:undefined disposed:false
417 silly fetch manifest socks-proxy-agent@^8.0.2
418 silly packumentCache full:https://registry.npmjs.org/socks-proxy-agent cache-miss
419 http fetch GET 200 https://registry.npmjs.org/socks-proxy-agent 51ms (cache miss)
420 silly packumentCache full:https://registry.npmjs.org/socks-proxy-agent set size:undefined disposed:false
421 silly fetch manifest lru-cache@^6.0.0
422 silly packumentCache full:https://registry.npmjs.org/lru-cache cache-miss
423 http fetch GET 200 https://registry.npmjs.org/lru-cache 8ms (cache hit)
424 silly packumentCache full:https://registry.npmjs.org/lru-cache set size:387720 disposed:false
425 silly placeDep node_modules/pm2/node_modules/@pm2/io async@2.6.4 OK for: @pm2/io@6.0.1 want: ~2.6.1
426 silly placeDep node_modules/pm2/node_modules/@pm2/io debug@4.3.7 OK for: @pm2/io@6.0.1 want: ~4.3.1
427 silly placeDep node_modules/pm2/node_modules/@pm2/io eventemitter2@6.4.9 OK for: @pm2/io@6.0.1 want: ^6.3.1
428 silly placeDep node_modules/pm2 require-in-the-middle@5.2.0 OK for: @pm2/io@6.0.1 want: ^5.0.0
429 silly placeDep node_modules/pm2/node_modules/@pm2/io semver@7.5.4 OK for: @pm2/io@6.0.1 want: ~7.5.4
430 silly placeDep node_modules/pm2 shimmer@1.2.1 OK for: @pm2/io@6.0.1 want: ^1.2.0
431 silly placeDep node_modules/pm2 signal-exit@3.0.7 OK for: @pm2/io@6.0.1 want: ^3.0.3
432 silly placeDep node_modules/pm2 tslib@1.9.3 OK for: @pm2/io@6.0.1 want: 1.9.3
433 silly fetch manifest lodash@^4.17.14
434 silly packumentCache full:https://registry.npmjs.org/lodash cache-miss
435 http fetch GET 200 https://registry.npmjs.org/lodash 63ms (cache miss)
436 silly packumentCache full:https://registry.npmjs.org/lodash set size:undefined disposed:false
437 silly fetch manifest resolve@^1.22.1
438 silly packumentCache full:https://registry.npmjs.org/resolve cache-miss
439 http fetch GET 200 https://registry.npmjs.org/resolve 85ms (cache miss)
440 silly packumentCache full:https://registry.npmjs.org/resolve set size:undefined disposed:false
441 silly fetch manifest module-details-from-path@^1.0.3
442 silly packumentCache full:https://registry.npmjs.org/module-details-from-path cache-miss
443 http fetch GET 200 https://registry.npmjs.org/module-details-from-path 68ms (cache miss)
444 silly packumentCache full:https://registry.npmjs.org/module-details-from-path set size:undefined disposed:false
445 silly placeDep node_modules/pm2/node_modules/@pm2/js-api async@2.6.4 OK for: @pm2/js-api@0.8.0 want: ^2.6.3
446 silly placeDep node_modules/pm2/node_modules/@pm2/js-api debug@4.3.7 OK for: @pm2/js-api@0.8.0 want: ~4.3.1
447 silly placeDep node_modules/pm2/node_modules/@pm2/js-api eventemitter2@6.4.9 OK for: @pm2/js-api@0.8.0 want: ^6.3.1
448 silly placeDep node_modules/pm2 extrareqp2@1.0.0 OK for: @pm2/js-api@0.8.0 want: ^1.0.0
449 silly fetch manifest follow-redirects@^1.14.0
450 silly packumentCache full:https://registry.npmjs.org/follow-redirects cache-miss
451 http fetch GET 200 https://registry.npmjs.org/follow-redirects 57ms (cache miss)
452 silly packumentCache full:https://registry.npmjs.org/follow-redirects set size:undefined disposed:false
453 silly placeDep node_modules/pm2 ansi-styles@4.3.0 OK for: chalk@3.0.0 want: ^4.1.0
454 silly placeDep node_modules/pm2 supports-color@7.2.0 OK for: chalk@3.0.0 want: ^7.1.0
455 silly fetch manifest color-convert@^2.0.1
456 silly packumentCache full:https://registry.npmjs.org/color-convert cache-miss
457 http fetch GET 200 https://registry.npmjs.org/color-convert 41ms (cache miss)
458 silly packumentCache full:https://registry.npmjs.org/color-convert set size:undefined disposed:false
459 silly fetch manifest has-flag@^4.0.0
460 silly packumentCache full:https://registry.npmjs.org/has-flag cache-miss
461 http fetch GET 200 https://registry.npmjs.org/has-flag 41ms (cache miss)
462 silly packumentCache full:https://registry.npmjs.org/has-flag set size:undefined disposed:false
463 silly placeDep node_modules/pm2 color-convert@2.0.1 OK for: ansi-styles@4.3.0 want: ^2.0.1
464 silly fetch manifest color-name@~1.1.4
465 silly packumentCache full:https://registry.npmjs.org/color-name cache-miss
466 http fetch GET 200 https://registry.npmjs.org/color-name 40ms (cache miss)
467 silly packumentCache full:https://registry.npmjs.org/color-name set size:undefined disposed:false
468 silly placeDep node_modules/pm2 anymatch@3.1.3 OK for: chokidar@3.6.0 want: ~3.1.2
469 silly placeDep node_modules/pm2 braces@3.0.3 OK for: chokidar@3.6.0 want: ~3.0.2
470 silly placeDep node_modules/pm2 fsevents@2.3.3 OK for: chokidar@3.6.0 want: ~2.3.2
471 silly placeDep node_modules/pm2 glob-parent@5.1.2 OK for: chokidar@3.6.0 want: ~5.1.2
472 silly placeDep node_modules/pm2 is-binary-path@2.1.0 OK for: chokidar@3.6.0 want: ~2.1.0
473 silly placeDep node_modules/pm2 is-glob@4.0.3 OK for: chokidar@3.6.0 want: ~4.0.1
474 silly placeDep node_modules/pm2 normalize-path@3.0.0 OK for: chokidar@3.6.0 want: ~3.0.0
475 silly placeDep node_modules/pm2 readdirp@3.6.0 OK for: chokidar@3.6.0 want: ~3.6.0
476 silly fetch manifest picomatch@^2.0.4
477 silly packumentCache full:https://registry.npmjs.org/picomatch cache-miss
478 http fetch GET 200 https://registry.npmjs.org/picomatch 45ms (cache miss)
479 silly packumentCache full:https://registry.npmjs.org/picomatch set size:undefined disposed:false
480 silly fetch manifest normalize-path@^3.0.0
481 silly packumentCache full:https://registry.npmjs.org/normalize-path cache-miss
482 http fetch GET 200 https://registry.npmjs.org/normalize-path 7ms (cache hit)
483 silly packumentCache full:https://registry.npmjs.org/normalize-path set size:28713 disposed:false
484 silly fetch manifest fill-range@^7.1.1
485 silly packumentCache full:https://registry.npmjs.org/fill-range cache-miss
486 http fetch GET 200 https://registry.npmjs.org/fill-range 34ms (cache miss)
487 silly packumentCache full:https://registry.npmjs.org/fill-range set size:undefined disposed:false
488 silly fetch manifest is-glob@^4.0.1
489 silly packumentCache full:https://registry.npmjs.org/is-glob cache-miss
490 http fetch GET 200 https://registry.npmjs.org/is-glob 4ms (cache hit)
491 silly packumentCache full:https://registry.npmjs.org/is-glob set size:40530 disposed:false
492 silly fetch manifest binary-extensions@^2.0.0
493 silly packumentCache full:https://registry.npmjs.org/binary-extensions cache-miss
494 http fetch GET 200 https://registry.npmjs.org/binary-extensions 33ms (cache miss)
495 silly packumentCache full:https://registry.npmjs.org/binary-extensions set size:undefined disposed:false
496 silly fetch manifest is-extglob@^2.1.1
497 silly packumentCache full:https://registry.npmjs.org/is-extglob cache-miss
498 http fetch GET 200 https://registry.npmjs.org/is-extglob 36ms (cache miss)
499 silly packumentCache full:https://registry.npmjs.org/is-extglob set size:undefined disposed:false
500 silly fetch manifest picomatch@^2.2.1
501 silly packumentCache full:https://registry.npmjs.org/picomatch cache-miss
502 http fetch GET 200 https://registry.npmjs.org/picomatch 8ms (cache hit)
503 silly packumentCache full:https://registry.npmjs.org/picomatch set size:116191 disposed:false
504 silly placeDep node_modules/pm2 picomatch@2.3.1 OK for: anymatch@3.1.3 want: ^2.0.4
505 silly placeDep node_modules/pm2 fill-range@7.1.1 OK for: braces@3.0.3 want: ^7.1.1
506 silly fetch manifest to-regex-range@^5.0.1
507 silly packumentCache full:https://registry.npmjs.org/to-regex-range cache-miss
508 http fetch GET 200 https://registry.npmjs.org/to-regex-range 32ms (cache miss)
509 silly packumentCache full:https://registry.npmjs.org/to-regex-range set size:undefined disposed:false
510 silly placeDep node_modules/pm2 color-name@1.1.4 OK for: color-convert@2.0.1 want: ~1.1.4
511 silly placeDep node_modules/pm2 ms@2.1.3 OK for: debug@4.4.0 want: ^2.1.3
512 silly placeDep node_modules/pm2 ansi-colors@4.1.3 OK for: enquirer@2.3.6 want: ^4.1.1
513 silly placeDep node_modules/pm2 follow-redirects@1.15.9 OK for: extrareqp2@1.0.0 want: ^1.14.0
514 silly placeDep node_modules/pm2 to-regex-range@5.0.1 OK for: fill-range@7.1.1 want: ^5.0.1
515 silly fetch manifest is-number@^7.0.0
516 silly packumentCache full:https://registry.npmjs.org/is-number cache-miss
517 http fetch GET 200 https://registry.npmjs.org/is-number 44ms (cache miss)
518 silly packumentCache full:https://registry.npmjs.org/is-number set size:undefined disposed:false
519 silly placeDep node_modules/pm2 binary-extensions@2.3.0 OK for: is-binary-path@2.1.0 want: ^2.0.0
520 silly placeDep node_modules/pm2 is-extglob@2.1.1 OK for: is-glob@4.0.3 want: ^2.1.1
521 silly placeDep node_modules/pm2 argparse@2.0.1 OK for: js-yaml@4.1.0 want: ^2.0.1
522 silly placeDep node_modules/pm2/node_modules/needle debug@3.2.7 OK for: needle@2.4.0 want: ^3.2.6
523 silly placeDep node_modules/pm2 iconv-lite@0.4.24 OK for: needle@2.4.0 want: ^0.4.4
524 silly placeDep node_modules/pm2 sax@1.4.1 OK for: needle@2.4.0 want: ^1.2.4
525 silly fetch manifest safer-buffer@>= 2.1.2 < 3
526 silly packumentCache full:https://registry.npmjs.org/safer-buffer cache-miss
527 http fetch GET 200 https://registry.npmjs.org/safer-buffer 45ms (cache updated)
528 silly packumentCache full:https://registry.npmjs.org/safer-buffer set size:undefined disposed:false
529 silly placeDep node_modules/pm2 safer-buffer@2.1.2 OK for: iconv-lite@0.4.24 want: >= 2.1.2 < 3
530 silly placeDep node_modules/pm2/node_modules/nssocket eventemitter2@0.4.14 OK for: nssocket@0.6.0 want: ~0.4.14
531 silly placeDep node_modules/pm2 lazy@1.0.11 OK for: nssocket@0.6.0 want: ~1.0.11
532 silly placeDep node_modules/pm2 safe-buffer@5.2.1 OK for: pidusage@3.0.2 want: ^5.2.1
533 silly placeDep node_modules/pm2 amp@0.3.1 OK for: pm2-axon@4.0.1 want: ~0.3.1
534 silly placeDep node_modules/pm2 amp-message@0.1.2 OK for: pm2-axon@4.0.1 want: ~0.1.1
535 silly placeDep node_modules/pm2 escape-string-regexp@4.0.0 OK for: pm2-axon@4.0.1 want: ^4.0.0
536 silly placeDep node_modules/pm2 run-series@1.1.9 OK for: pm2-deploy@1.0.2 want: ^1.1.8
537 silly placeDep node_modules/pm2 tv4@1.3.0 OK for: pm2-deploy@1.0.2 want: ^1.3.0
538 silly placeDep node_modules/pm2 charm@0.1.2 OK for: pm2-multimeter@0.1.2 want: ~0.1.1
539 silly placeDep node_modules/pm2/node_modules/pm2-sysmonit pidusage@2.0.21 OK for: pm2-sysmonit@1.2.8 want: ^2.0.21
540 silly placeDep node_modules/pm2 systeminformation@5.25.11 OK for: pm2-sysmonit@1.2.8 want: ^5.7
541 silly placeDep node_modules/pm2 tx2@1.0.5 OK for: pm2-sysmonit@1.2.8 want: ~1.0.4
542 silly fetch manifest json-stringify-safe@^5.0.1
543 silly packumentCache full:https://registry.npmjs.org/json-stringify-safe cache-miss
544 http fetch GET 200 https://registry.npmjs.org/json-stringify-safe 38ms (cache miss)
545 silly packumentCache full:https://registry.npmjs.org/json-stringify-safe set size:undefined disposed:false
546 silly placeDep node_modules/pm2 read@1.0.7 OK for: promptly@2.2.0 want: ^1.0.4
547 silly fetch manifest mute-stream@~0.0.4
548 silly packumentCache full:https://registry.npmjs.org/mute-stream cache-miss
549 http fetch GET 200 https://registry.npmjs.org/mute-stream 38ms (cache miss)
550 silly packumentCache full:https://registry.npmjs.org/mute-stream set size:undefined disposed:false
551 silly placeDep node_modules/pm2 agent-base@7.1.3 OK for: proxy-agent@6.3.1 want: ^7.0.2
552 silly placeDep node_modules/pm2 http-proxy-agent@7.0.2 OK for: proxy-agent@6.3.1 want: ^7.0.0
553 silly placeDep node_modules/pm2 https-proxy-agent@7.0.6 OK for: proxy-agent@6.3.1 want: ^7.0.2
554 silly placeDep node_modules/pm2 lru-cache@7.18.3 OK for: proxy-agent@6.3.1 want: ^7.14.1
555 silly placeDep node_modules/pm2 pac-proxy-agent@7.2.0 OK for: proxy-agent@6.3.1 want: ^7.0.1
556 silly placeDep node_modules/pm2 proxy-from-env@1.1.0 OK for: proxy-agent@6.3.1 want: ^1.1.0
557 silly placeDep node_modules/pm2 socks-proxy-agent@8.0.5 OK for: proxy-agent@6.3.1 want: ^8.0.2
558 silly fetch manifest @tootallnate/quickjs-emscripten@^0.23.0
559 silly packumentCache full:https://registry.npmjs.org/@tootallnate%2fquickjs-emscripten cache-miss
560 http fetch GET 200 https://registry.npmjs.org/@tootallnate%2fquickjs-emscripten 59ms (cache miss)
561 silly packumentCache full:https://registry.npmjs.org/@tootallnate%2fquickjs-emscripten set size:undefined disposed:false
562 silly fetch manifest get-uri@^6.0.1
563 silly packumentCache full:https://registry.npmjs.org/get-uri cache-miss
564 http fetch GET 200 https://registry.npmjs.org/get-uri 53ms (cache miss)
565 silly packumentCache full:https://registry.npmjs.org/get-uri set size:undefined disposed:false
566 silly fetch manifest pac-resolver@^7.0.1
567 silly packumentCache full:https://registry.npmjs.org/pac-resolver cache-miss
568 http fetch GET 200 https://registry.npmjs.org/pac-resolver 56ms (cache miss)
569 silly packumentCache full:https://registry.npmjs.org/pac-resolver set size:undefined disposed:false
570 silly fetch manifest socks-proxy-agent@^8.0.5
571 silly packumentCache full:https://registry.npmjs.org/socks-proxy-agent cache-miss
572 http fetch GET 200 https://registry.npmjs.org/socks-proxy-agent 3ms (cache hit)
573 silly packumentCache full:https://registry.npmjs.org/socks-proxy-agent set size:96838 disposed:false
574 silly fetch manifest socks@^2.8.3
575 silly packumentCache full:https://registry.npmjs.org/socks cache-miss
576 http fetch GET 200 https://registry.npmjs.org/socks 31ms (cache miss)
577 silly packumentCache full:https://registry.npmjs.org/socks set size:undefined disposed:false
578 silly placeDep node_modules/pm2 @tootallnate/quickjs-emscripten@0.23.0 OK for: pac-proxy-agent@7.2.0 want: ^0.23.0
579 silly placeDep node_modules/pm2 get-uri@6.0.4 OK for: pac-proxy-agent@7.2.0 want: ^6.0.1
580 silly placeDep node_modules/pm2 pac-resolver@7.0.1 OK for: pac-proxy-agent@7.2.0 want: ^7.0.1
581 silly fetch manifest basic-ftp@^5.0.2
582 silly packumentCache full:https://registry.npmjs.org/basic-ftp cache-miss
583 http fetch GET 200 https://registry.npmjs.org/basic-ftp 39ms (cache miss)
584 silly packumentCache full:https://registry.npmjs.org/basic-ftp set size:undefined disposed:false
585 silly fetch manifest data-uri-to-buffer@^6.0.2
586 silly packumentCache full:https://registry.npmjs.org/data-uri-to-buffer cache-miss
587 http fetch GET 200 https://registry.npmjs.org/data-uri-to-buffer 51ms (cache miss)
588 silly packumentCache full:https://registry.npmjs.org/data-uri-to-buffer set size:undefined disposed:false
589 silly fetch manifest degenerator@^5.0.0
590 silly packumentCache full:https://registry.npmjs.org/degenerator cache-miss
591 http fetch GET 200 https://registry.npmjs.org/degenerator 57ms (cache miss)
592 silly packumentCache full:https://registry.npmjs.org/degenerator set size:undefined disposed:false
593 silly fetch manifest netmask@^2.0.2
594 silly packumentCache full:https://registry.npmjs.org/netmask cache-miss
595 http fetch GET 200 https://registry.npmjs.org/netmask 58ms (cache miss)
596 silly packumentCache full:https://registry.npmjs.org/netmask set size:undefined disposed:false
597 silly placeDep node_modules/pm2 basic-ftp@5.0.5 OK for: get-uri@6.0.4 want: ^5.0.2
598 silly placeDep node_modules/pm2 data-uri-to-buffer@6.0.2 OK for: get-uri@6.0.4 want: ^6.0.2
599 silly placeDep node_modules/pm2 degenerator@5.0.1 OK for: pac-resolver@7.0.1 want: ^5.0.0
600 silly placeDep node_modules/pm2 netmask@2.0.2 OK for: pac-resolver@7.0.1 want: ^2.0.2
601 silly fetch manifest ast-types@^0.13.4
602 silly packumentCache full:https://registry.npmjs.org/ast-types cache-miss
603 http fetch GET 200 https://registry.npmjs.org/ast-types 34ms (cache miss)
604 silly packumentCache full:https://registry.npmjs.org/ast-types set size:undefined disposed:false
605 silly fetch manifest escodegen@^2.1.0
606 silly packumentCache full:https://registry.npmjs.org/escodegen cache-miss
607 http fetch GET 200 https://registry.npmjs.org/escodegen 47ms (cache miss)
608 silly packumentCache full:https://registry.npmjs.org/escodegen set size:undefined disposed:false
609 silly fetch manifest esprima@^4.0.1
610 silly packumentCache full:https://registry.npmjs.org/esprima cache-miss
611 http fetch GET 200 https://registry.npmjs.org/esprima 35ms (cache miss)
612 silly packumentCache full:https://registry.npmjs.org/esprima set size:undefined disposed:false
613 silly placeDep node_modules/pm2 ast-types@0.13.4 OK for: degenerator@5.0.1 want: ^0.13.4
614 silly placeDep node_modules/pm2 escodegen@2.1.0 OK for: degenerator@5.0.1 want: ^2.1.0
615 silly placeDep node_modules/pm2 esprima@4.0.1 OK for: degenerator@5.0.1 want: ^4.0.1
616 silly fetch manifest tslib@^2.0.1
617 silly packumentCache full:https://registry.npmjs.org/tslib cache-miss
618 http fetch GET 200 https://registry.npmjs.org/tslib 7ms (cache hit)
619 silly packumentCache full:https://registry.npmjs.org/tslib set size:108872 disposed:false
620 silly fetch manifest estraverse@^5.2.0
621 silly packumentCache full:https://registry.npmjs.org/estraverse cache-miss
622 http fetch GET 200 https://registry.npmjs.org/estraverse 46ms (cache miss)
623 silly packumentCache full:https://registry.npmjs.org/estraverse set size:undefined disposed:false
624 silly fetch manifest esutils@^2.0.2
625 silly packumentCache full:https://registry.npmjs.org/esutils cache-miss
626 http fetch GET 200 https://registry.npmjs.org/esutils 35ms (cache updated)
627 silly packumentCache full:https://registry.npmjs.org/esutils set size:undefined disposed:false
628 silly fetch manifest source-map@~0.6.1
629 silly packumentCache full:https://registry.npmjs.org/source-map cache-miss
630 http fetch GET 200 https://registry.npmjs.org/source-map 3ms (cache hit)
631 silly packumentCache full:https://registry.npmjs.org/source-map set size:243251 disposed:false
632 silly placeDep node_modules/pm2/node_modules/ast-types tslib@2.8.1 OK for: ast-types@0.13.4 want: ^2.0.1
633 silly placeDep node_modules/pm2 estraverse@5.3.0 OK for: escodegen@2.1.0 want: ^5.2.0
634 silly placeDep node_modules/pm2 esutils@2.0.3 OK for: escodegen@2.1.0 want: ^2.0.2
635 silly placeDep node_modules/pm2 source-map@0.6.1 OK for: escodegen@2.1.0 want: ~0.6.1
636 silly placeDep node_modules/pm2 mute-stream@0.0.8 OK for: read@1.0.7 want: ~0.0.4
637 silly placeDep node_modules/pm2 module-details-from-path@1.0.3 OK for: require-in-the-middle@5.2.0 want: ^1.0.3
638 silly placeDep node_modules/pm2 resolve@1.22.10 OK for: require-in-the-middle@5.2.0 want: ^1.22.1
639 silly fetch manifest is-core-module@^2.16.0
640 silly packumentCache full:https://registry.npmjs.org/is-core-module cache-miss
641 http fetch GET 200 https://registry.npmjs.org/is-core-module 46ms (cache miss)
642 silly packumentCache full:https://registry.npmjs.org/is-core-module set size:undefined disposed:false
643 silly fetch manifest path-parse@^1.0.7
644 silly packumentCache full:https://registry.npmjs.org/path-parse cache-miss
645 http fetch GET 200 https://registry.npmjs.org/path-parse 43ms (cache miss)
646 silly packumentCache full:https://registry.npmjs.org/path-parse set size:undefined disposed:false
647 silly fetch manifest supports-preserve-symlinks-flag@^1.0.0
648 silly packumentCache full:https://registry.npmjs.org/supports-preserve-symlinks-flag cache-miss
649 http fetch GET 200 https://registry.npmjs.org/supports-preserve-symlinks-flag 32ms (cache miss)
650 silly packumentCache full:https://registry.npmjs.org/supports-preserve-symlinks-flag set size:undefined disposed:false
651 silly placeDep node_modules/pm2 is-core-module@2.16.1 OK for: resolve@1.22.10 want: ^2.16.0
652 silly placeDep node_modules/pm2 path-parse@1.0.7 OK for: resolve@1.22.10 want: ^1.0.7
653 silly placeDep node_modules/pm2 supports-preserve-symlinks-flag@1.0.0 OK for: resolve@1.22.10 want: ^1.0.0
654 silly fetch manifest hasown@^2.0.2
655 silly packumentCache full:https://registry.npmjs.org/hasown cache-miss
656 http fetch GET 200 https://registry.npmjs.org/hasown 33ms (cache updated)
657 silly packumentCache full:https://registry.npmjs.org/hasown set size:undefined disposed:false
658 silly placeDep node_modules/pm2 hasown@2.0.2 OK for: is-core-module@2.16.1 want: ^2.0.2
659 silly fetch manifest function-bind@^1.1.2
660 silly packumentCache full:https://registry.npmjs.org/function-bind cache-miss
661 http fetch GET 200 https://registry.npmjs.org/function-bind 60ms (cache updated)
662 silly packumentCache full:https://registry.npmjs.org/function-bind set size:undefined disposed:false
663 silly placeDep node_modules/pm2 function-bind@1.1.2 OK for: hasown@2.0.2 want: ^1.1.2
664 silly placeDep node_modules/pm2 socks@2.8.4 OK for: socks-proxy-agent@8.0.5 want: ^2.8.3
665 silly fetch manifest ip-address@^9.0.5
666 silly packumentCache full:https://registry.npmjs.org/ip-address cache-miss
667 http fetch GET 200 https://registry.npmjs.org/ip-address 37ms (cache miss)
668 silly packumentCache full:https://registry.npmjs.org/ip-address set size:undefined disposed:false
669 silly fetch manifest smart-buffer@^4.2.0
670 silly packumentCache full:https://registry.npmjs.org/smart-buffer cache-miss
671 http fetch GET 200 https://registry.npmjs.org/smart-buffer 82ms (cache miss)
672 silly packumentCache full:https://registry.npmjs.org/smart-buffer set size:undefined disposed:false
673 silly placeDep node_modules/pm2 ip-address@9.0.5 OK for: socks@2.8.4 want: ^9.0.5
674 silly placeDep node_modules/pm2 smart-buffer@4.2.0 OK for: socks@2.8.4 want: ^4.2.0
675 silly fetch manifest jsbn@1.1.0
676 silly packumentCache full:https://registry.npmjs.org/jsbn cache-miss
677 http fetch GET 200 https://registry.npmjs.org/jsbn 52ms (cache miss)
678 silly packumentCache full:https://registry.npmjs.org/jsbn set size:undefined disposed:false
679 silly fetch manifest sprintf-js@^1.1.3
680 silly packumentCache full:https://registry.npmjs.org/sprintf-js cache-miss
681 http fetch GET 200 https://registry.npmjs.org/sprintf-js 4ms (cache hit)
682 silly packumentCache full:https://registry.npmjs.org/sprintf-js set size:20495 disposed:false
683 silly placeDep node_modules/pm2 jsbn@1.1.0 OK for: ip-address@9.0.5 want: 1.1.0
684 silly placeDep node_modules/pm2/node_modules/ip-address sprintf-js@1.1.3 OK for: ip-address@9.0.5 want: ^1.1.3
685 silly placeDep node_modules/pm2 buffer-from@1.1.2 OK for: source-map-support@0.5.21 want: ^1.0.0
686 silly placeDep node_modules/pm2 has-flag@4.0.0 OK for: supports-color@7.2.0 want: ^4.0.0
687 silly placeDep node_modules/pm2 is-number@7.0.0 OK for: to-regex-range@5.0.1 want: ^7.0.0
688 silly placeDep node_modules/pm2 json-stringify-safe@5.0.1 OK for: tx2@1.0.5 want: ^5.0.1
689 silly placeDep node_modules/pm2/node_modules/vizion async@2.6.4 OK for: vizion@2.2.1 want: ^2.6.3
690 silly placeDep node_modules/pm2 git-node-fs@1.0.0 OK for: vizion@2.2.1 want: ^1.0.0
691 silly placeDep node_modules/pm2 ini@1.3.8 OK for: vizion@2.2.1 want: ^1.3.5
692 silly placeDep node_modules/pm2 js-git@0.7.8 OK for: vizion@2.2.1 want: ^0.7.8
693 silly fetch manifest bodec@^0.1.0
694 silly packumentCache full:https://registry.npmjs.org/bodec cache-miss
695 http fetch GET 200 https://registry.npmjs.org/bodec 41ms (cache miss)
696 silly packumentCache full:https://registry.npmjs.org/bodec set size:undefined disposed:false
697 silly fetch manifest culvert@^0.1.2
698 silly packumentCache full:https://registry.npmjs.org/culvert cache-miss
699 http fetch GET 200 https://registry.npmjs.org/culvert 32ms (cache miss)
700 silly packumentCache full:https://registry.npmjs.org/culvert set size:undefined disposed:false
701 silly fetch manifest git-sha1@^0.1.2
702 silly packumentCache full:https://registry.npmjs.org/git-sha1 cache-miss
703 http fetch GET 200 https://registry.npmjs.org/git-sha1 38ms (cache miss)
704 silly packumentCache full:https://registry.npmjs.org/git-sha1 set size:undefined disposed:false
705 silly fetch manifest pako@^0.2.5
706 silly packumentCache full:https://registry.npmjs.org/pako cache-miss
707 http fetch GET 200 https://registry.npmjs.org/pako 34ms (cache miss)
708 silly packumentCache full:https://registry.npmjs.org/pako set size:undefined disposed:false
709 silly placeDep node_modules/pm2 bodec@0.1.0 OK for: js-git@0.7.8 want: ^0.1.0
710 silly placeDep node_modules/pm2 culvert@0.1.2 OK for: js-git@0.7.8 want: ^0.1.2
711 silly placeDep node_modules/pm2 git-sha1@0.1.2 OK for: js-git@0.7.8 want: ^0.1.2
712 silly placeDep node_modules/pm2 pako@0.2.9 OK for: js-git@0.7.8 want: ^0.2.5
713 silly placeDep node_modules/pm2/node_modules/@pm2/agent lru-cache@6.0.0 OK for: semver@7.5.4 want: ^6.0.0
714 silly fetch manifest yallist@^4.0.0
715 silly packumentCache full:https://registry.npmjs.org/yallist cache-miss
716 http fetch GET 200 https://registry.npmjs.org/yallist 32ms (cache miss)
717 silly packumentCache full:https://registry.npmjs.org/yallist set size:undefined disposed:false
718 silly placeDep node_modules/pm2 yallist@4.0.0 OK for: lru-cache@6.0.0 want: ^4.0.0
719 silly placeDep node_modules/pm2 lodash@4.17.21 OK for: async@2.6.4 want: ^4.17.14
720 silly placeDep node_modules/pm2/node_modules/@pm2/io lru-cache@6.0.0 OK for: semver@7.5.4 want: ^6.0.0
721 silly reify moves {}
722 verbose reify failed optional dependency /usr/lib/node_modules/pm2/node_modules/fsevents
723 silly reify mark deleted [ '/usr/lib/node_modules/pm2/node_modules/fsevents' ]
724 silly tarball no local data for pm2@https://registry.npmjs.org/pm2/-/pm2-5.4.3.tgz. Extracting by manifest.
725 silly tarball no local data for lodash@https://registry.npmjs.org/lodash/-/lodash-4.17.21.tgz. Extracting by manifest.
726 silly tarball no local data for yallist@https://registry.npmjs.org/yallist/-/yallist-4.0.0.tgz. Extracting by manifest.
727 silly tarball no local data for pako@https://registry.npmjs.org/pako/-/pako-0.2.9.tgz. Extracting by manifest.
728 silly tarball no local data for git-sha1@https://registry.npmjs.org/git-sha1/-/git-sha1-0.1.2.tgz. Extracting by manifest.
729 silly tarball no local data for culvert@https://registry.npmjs.org/culvert/-/culvert-0.1.2.tgz. Extracting by manifest.
730 silly tarball no local data for bodec@https://registry.npmjs.org/bodec/-/bodec-0.1.0.tgz. Extracting by manifest.
731 silly tarball no local data for js-git@https://registry.npmjs.org/js-git/-/js-git-0.7.8.tgz. Extracting by manifest.
732 silly tarball no local data for ini@https://registry.npmjs.org/ini/-/ini-1.3.8.tgz. Extracting by manifest.
733 silly tarball no local data for git-node-fs@https://registry.npmjs.org/git-node-fs/-/git-node-fs-1.0.0.tgz. Extracting by manifest.
734 silly tarball no local data for json-stringify-safe@https://registry.npmjs.org/json-stringify-safe/-/json-stringify-safe-5.0.1.tgz. Extracting by manifest.
735 silly tarball no local data for is-number@https://registry.npmjs.org/is-number/-/is-number-7.0.0.tgz. Extracting by manifest.
736 silly tarball no local data for has-flag@https://registry.npmjs.org/has-flag/-/has-flag-4.0.0.tgz. Extracting by manifest.
737 silly tarball no local data for buffer-from@https://registry.npmjs.org/buffer-from/-/buffer-from-1.1.2.tgz. Extracting by manifest.
738 silly tarball no local data for jsbn@https://registry.npmjs.org/jsbn/-/jsbn-1.1.0.tgz. Extracting by manifest.
739 silly tarball no local data for smart-buffer@https://registry.npmjs.org/smart-buffer/-/smart-buffer-4.2.0.tgz. Extracting by manifest.
740 silly tarball no local data for ip-address@https://registry.npmjs.org/ip-address/-/ip-address-9.0.5.tgz. Extracting by manifest.
741 silly tarball no local data for sprintf-js@https://registry.npmjs.org/sprintf-js/-/sprintf-js-1.1.3.tgz. Extracting by manifest.
742 silly tarball no local data for socks@https://registry.npmjs.org/socks/-/socks-2.8.4.tgz. Extracting by manifest.
743 silly tarball no local data for supports-preserve-symlinks-flag@https://registry.npmjs.org/supports-preserve-symlinks-flag/-/supports-preserve-symlinks-flag-1.0.0.tgz. Extracting by manifest.
744 silly tarball no local data for path-parse@https://registry.npmjs.org/path-parse/-/path-parse-1.0.7.tgz. Extracting by manifest.
745 silly tarball no local data for is-core-module@https://registry.npmjs.org/is-core-module/-/is-core-module-2.16.1.tgz. Extracting by manifest.
746 silly tarball no local data for resolve@https://registry.npmjs.org/resolve/-/resolve-1.22.10.tgz. Extracting by manifest.
747 silly tarball no local data for module-details-from-path@https://registry.npmjs.org/module-details-from-path/-/module-details-from-path-1.0.3.tgz. Extracting by manifest.
748 silly tarball no local data for mute-stream@https://registry.npmjs.org/mute-stream/-/mute-stream-0.0.8.tgz. Extracting by manifest.
749 silly tarball no local data for source-map@https://registry.npmjs.org/source-map/-/source-map-0.6.1.tgz. Extracting by manifest.
750 silly tarball no local data for estraverse@https://registry.npmjs.org/estraverse/-/estraverse-5.3.0.tgz. Extracting by manifest.
751 silly tarball no local data for esprima@https://registry.npmjs.org/esprima/-/esprima-4.0.1.tgz. Extracting by manifest.
752 silly tarball no local data for escodegen@https://registry.npmjs.org/escodegen/-/escodegen-2.1.0.tgz. Extracting by manifest.
753 silly tarball no local data for ast-types@https://registry.npmjs.org/ast-types/-/ast-types-0.13.4.tgz. Extracting by manifest.
754 silly tarball no local data for tslib@https://registry.npmjs.org/tslib/-/tslib-2.8.1.tgz. Extracting by manifest.
755 silly tarball no local data for netmask@https://registry.npmjs.org/netmask/-/netmask-2.0.2.tgz. Extracting by manifest.
756 silly tarball no local data for degenerator@https://registry.npmjs.org/degenerator/-/degenerator-5.0.1.tgz. Extracting by manifest.
757 silly tarball no local data for data-uri-to-buffer@https://registry.npmjs.org/data-uri-to-buffer/-/data-uri-to-buffer-6.0.2.tgz. Extracting by manifest.
758 silly tarball no local data for basic-ftp@https://registry.npmjs.org/basic-ftp/-/basic-ftp-5.0.5.tgz. Extracting by manifest.
759 silly tarball no local data for pac-resolver@https://registry.npmjs.org/pac-resolver/-/pac-resolver-7.0.1.tgz. Extracting by manifest.
760 silly tarball no local data for get-uri@https://registry.npmjs.org/get-uri/-/get-uri-6.0.4.tgz. Extracting by manifest.
761 silly tarball no local data for @tootallnate/quickjs-emscripten@https://registry.npmjs.org/@tootallnate/quickjs-emscripten/-/quickjs-emscripten-0.23.0.tgz. Extracting by manifest.
762 silly tarball no local data for socks-proxy-agent@https://registry.npmjs.org/socks-proxy-agent/-/socks-proxy-agent-8.0.5.tgz. Extracting by manifest.
763 silly tarball no local data for proxy-from-env@https://registry.npmjs.org/proxy-from-env/-/proxy-from-env-1.1.0.tgz. Extracting by manifest.
764 silly tarball no local data for pac-proxy-agent@https://registry.npmjs.org/pac-proxy-agent/-/pac-proxy-agent-7.2.0.tgz. Extracting by manifest.
765 silly tarball no local data for lru-cache@https://registry.npmjs.org/lru-cache/-/lru-cache-7.18.3.tgz. Extracting by manifest.
766 silly tarball no local data for https-proxy-agent@https://registry.npmjs.org/https-proxy-agent/-/https-proxy-agent-7.0.6.tgz. Extracting by manifest.
767 silly tarball no local data for http-proxy-agent@https://registry.npmjs.org/http-proxy-agent/-/http-proxy-agent-7.0.2.tgz. Extracting by manifest.
768 silly tarball no local data for agent-base@https://registry.npmjs.org/agent-base/-/agent-base-7.1.3.tgz. Extracting by manifest.
769 silly tarball no local data for read@https://registry.npmjs.org/read/-/read-1.0.7.tgz. Extracting by manifest.
770 silly tarball no local data for tx2@https://registry.npmjs.org/tx2/-/tx2-1.0.5.tgz. Extracting by manifest.
771 silly tarball no local data for systeminformation@https://registry.npmjs.org/systeminformation/-/systeminformation-5.25.11.tgz. Extracting by manifest.
772 silly tarball no local data for charm@https://registry.npmjs.org/charm/-/charm-0.1.2.tgz. Extracting by manifest.
773 silly tarball no local data for tv4@https://registry.npmjs.org/tv4/-/tv4-1.3.0.tgz. Extracting by manifest.
774 silly tarball no local data for run-series@https://registry.npmjs.org/run-series/-/run-series-1.1.9.tgz. Extracting by manifest.
775 silly tarball no local data for escape-string-regexp@https://registry.npmjs.org/escape-string-regexp/-/escape-string-regexp-4.0.0.tgz. Extracting by manifest.
776 silly tarball no local data for amp-message@https://registry.npmjs.org/amp-message/-/amp-message-0.1.2.tgz. Extracting by manifest.
777 silly tarball no local data for amp@https://registry.npmjs.org/amp/-/amp-0.3.1.tgz. Extracting by manifest.
778 silly tarball no local data for lazy@https://registry.npmjs.org/lazy/-/lazy-1.0.11.tgz. Extracting by manifest.
779 silly tarball no local data for sax@https://registry.npmjs.org/sax/-/sax-1.4.1.tgz. Extracting by manifest.
780 silly tarball no local data for is-extglob@https://registry.npmjs.org/is-extglob/-/is-extglob-2.1.1.tgz. Extracting by manifest.
781 silly tarball no local data for binary-extensions@https://registry.npmjs.org/binary-extensions/-/binary-extensions-2.3.0.tgz. Extracting by manifest.
782 silly tarball no local data for to-regex-range@https://registry.npmjs.org/to-regex-range/-/to-regex-range-5.0.1.tgz. Extracting by manifest.
783 silly tarball no local data for follow-redirects@https://registry.npmjs.org/follow-redirects/-/follow-redirects-1.15.9.tgz. Extracting by manifest.
784 silly tarball no local data for ansi-colors@https://registry.npmjs.org/ansi-colors/-/ansi-colors-4.1.3.tgz. Extracting by manifest.
785 silly tarball no local data for color-name@https://registry.npmjs.org/color-name/-/color-name-1.1.4.tgz. Extracting by manifest.
786 silly tarball no local data for fill-range@https://registry.npmjs.org/fill-range/-/fill-range-7.1.1.tgz. Extracting by manifest.
787 silly tarball no local data for picomatch@https://registry.npmjs.org/picomatch/-/picomatch-2.3.1.tgz. Extracting by manifest.
788 silly tarball no local data for readdirp@https://registry.npmjs.org/readdirp/-/readdirp-3.6.0.tgz. Extracting by manifest.
789 silly tarball no local data for normalize-path@https://registry.npmjs.org/normalize-path/-/normalize-path-3.0.0.tgz. Extracting by manifest.
790 silly tarball no local data for is-glob@https://registry.npmjs.org/is-glob/-/is-glob-4.0.3.tgz. Extracting by manifest.
791 silly tarball no local data for is-binary-path@https://registry.npmjs.org/is-binary-path/-/is-binary-path-2.1.0.tgz. Extracting by manifest.
792 silly tarball no local data for glob-parent@https://registry.npmjs.org/glob-parent/-/glob-parent-5.1.2.tgz. Extracting by manifest.
793 silly tarball no local data for braces@https://registry.npmjs.org/braces/-/braces-3.0.3.tgz. Extracting by manifest.
794 silly tarball no local data for anymatch@https://registry.npmjs.org/anymatch/-/anymatch-3.1.3.tgz. Extracting by manifest.
795 silly tarball no local data for color-convert@https://registry.npmjs.org/color-convert/-/color-convert-2.0.1.tgz. Extracting by manifest.
796 silly tarball no local data for supports-color@https://registry.npmjs.org/supports-color/-/supports-color-7.2.0.tgz. Extracting by manifest.
797 silly tarball no local data for ansi-styles@https://registry.npmjs.org/ansi-styles/-/ansi-styles-4.3.0.tgz. Extracting by manifest.
798 silly tarball no local data for extrareqp2@https://registry.npmjs.org/extrareqp2/-/extrareqp2-1.0.0.tgz. Extracting by manifest.
799 silly tarball no local data for tslib@https://registry.npmjs.org/tslib/-/tslib-1.9.3.tgz. Extracting by manifest.
800 silly tarball no local data for signal-exit@https://registry.npmjs.org/signal-exit/-/signal-exit-3.0.7.tgz. Extracting by manifest.
801 silly tarball no local data for shimmer@https://registry.npmjs.org/shimmer/-/shimmer-1.2.1.tgz. Extracting by manifest.
802 silly tarball no local data for require-in-the-middle@https://registry.npmjs.org/require-in-the-middle/-/require-in-the-middle-5.2.0.tgz. Extracting by manifest.
803 silly tarball no local data for ws@https://registry.npmjs.org/ws/-/ws-7.5.10.tgz. Extracting by manifest.
804 silly tarball no local data for proxy-agent@https://registry.npmjs.org/proxy-agent/-/proxy-agent-6.3.1.tgz. Extracting by manifest.
805 silly tarball no local data for nssocket@https://registry.npmjs.org/nssocket/-/nssocket-0.6.0.tgz. Extracting by manifest.
806 silly tarball no local data for eventemitter2@https://registry.npmjs.org/eventemitter2/-/eventemitter2-0.4.14.tgz. Extracting by manifest.
807 silly tarball no local data for fast-json-patch@https://registry.npmjs.org/fast-json-patch/-/fast-json-patch-3.1.1.tgz. Extracting by manifest.
808 silly tarball no local data for vizion@https://registry.npmjs.org/vizion/-/vizion-2.2.1.tgz. Extracting by manifest.
809 silly tarball no local data for async@https://registry.npmjs.org/async/-/async-2.6.4.tgz. Extracting by manifest.
810 silly tarball no local data for sprintf-js@https://registry.npmjs.org/sprintf-js/-/sprintf-js-1.1.2.tgz. Extracting by manifest.
811 silly tarball no local data for source-map-support@https://registry.npmjs.org/source-map-support/-/source-map-support-0.5.21.tgz. Extracting by manifest.
812 silly tarball no local data for semver@https://registry.npmjs.org/semver/-/semver-7.7.1.tgz. Extracting by manifest.
813 silly tarball no local data for promptly@https://registry.npmjs.org/promptly/-/promptly-2.2.0.tgz. Extracting by manifest.
814 silly tarball no local data for pm2-sysmonit@https://registry.npmjs.org/pm2-sysmonit/-/pm2-sysmonit-1.2.8.tgz. Extracting by manifest.
815 silly tarball no local data for pidusage@https://registry.npmjs.org/pidusage/-/pidusage-2.0.21.tgz. Extracting by manifest.
816 silly tarball no local data for pm2-multimeter@https://registry.npmjs.org/pm2-multimeter/-/pm2-multimeter-0.1.2.tgz. Extracting by manifest.
817 silly tarball no local data for pm2-deploy@https://registry.npmjs.org/pm2-deploy/-/pm2-deploy-1.0.2.tgz. Extracting by manifest.
818 silly tarball no local data for pm2-axon-rpc@https://registry.npmjs.org/pm2-axon-rpc/-/pm2-axon-rpc-0.7.1.tgz. Extracting by manifest.
819 silly tarball no local data for pm2-axon@https://registry.npmjs.org/pm2-axon/-/pm2-axon-4.0.1.tgz. Extracting by manifest.
820 silly tarball no local data for pidusage@https://registry.npmjs.org/pidusage/-/pidusage-3.0.2.tgz. Extracting by manifest.
821 silly tarball no local data for needle@https://registry.npmjs.org/needle/-/needle-2.4.0.tgz. Extracting by manifest.
822 silly tarball no local data for debug@https://registry.npmjs.org/debug/-/debug-3.2.7.tgz. Extracting by manifest.
823 silly tarball no local data for mkdirp@https://registry.npmjs.org/mkdirp/-/mkdirp-1.0.4.tgz. Extracting by manifest.
824 silly tarball no local data for fclone@https://registry.npmjs.org/fclone/-/fclone-1.0.11.tgz. Extracting by manifest.
825 silly tarball no local data for eventemitter2@https://registry.npmjs.org/eventemitter2/-/eventemitter2-5.0.1.tgz. Extracting by manifest.
826 silly tarball no local data for enquirer@https://registry.npmjs.org/enquirer/-/enquirer-2.3.6.tgz. Extracting by manifest.
827 silly tarball no local data for debug@https://registry.npmjs.org/debug/-/debug-4.4.0.tgz. Extracting by manifest.
828 silly tarball no local data for dayjs@https://registry.npmjs.org/dayjs/-/dayjs-1.11.13.tgz. Extracting by manifest.
829 silly tarball no local data for croner@https://registry.npmjs.org/croner/-/croner-4.1.97.tgz. Extracting by manifest.
830 silly tarball no local data for commander@https://registry.npmjs.org/commander/-/commander-2.15.1.tgz. Extracting by manifest.
831 silly tarball no local data for cli-tableau@https://registry.npmjs.org/cli-tableau/-/cli-tableau-2.0.1.tgz. Extracting by manifest.
832 silly tarball no local data for chokidar@https://registry.npmjs.org/chokidar/-/chokidar-3.6.0.tgz. Extracting by manifest.
833 silly tarball no local data for chalk@https://registry.npmjs.org/chalk/-/chalk-3.0.0.tgz. Extracting by manifest.
834 silly tarball no local data for blessed@https://registry.npmjs.org/blessed/-/blessed-0.1.81.tgz. Extracting by manifest.
835 silly tarball no local data for async@https://registry.npmjs.org/async/-/async-3.2.6.tgz. Extracting by manifest.
836 silly tarball no local data for @pm2/pm2-version-check@https://registry.npmjs.org/@pm2/pm2-version-check/-/pm2-version-check-1.0.4.tgz. Extracting by manifest.
837 silly tarball no local data for @pm2/js-api@https://registry.npmjs.org/@pm2/js-api/-/js-api-0.8.0.tgz. Extracting by manifest.
838 silly tarball no local data for eventemitter2@https://registry.npmjs.org/eventemitter2/-/eventemitter2-6.4.9.tgz. Extracting by manifest.
839 silly tarball no local data for debug@https://registry.npmjs.org/debug/-/debug-4.3.7.tgz. Extracting by manifest.
840 silly tarball no local data for async@https://registry.npmjs.org/async/-/async-2.6.4.tgz. Extracting by manifest.
841 silly tarball no local data for @pm2/io@https://registry.npmjs.org/@pm2/io/-/io-6.0.1.tgz. Extracting by manifest.
842 silly tarball no local data for lru-cache@https://registry.npmjs.org/lru-cache/-/lru-cache-6.0.0.tgz. Extracting by manifest.
843 silly tarball no local data for semver@https://registry.npmjs.org/semver/-/semver-7.5.4.tgz. Extracting by manifest.
844 silly tarball no local data for eventemitter2@https://registry.npmjs.org/eventemitter2/-/eventemitter2-6.4.9.tgz. Extracting by manifest.
845 silly tarball no local data for debug@https://registry.npmjs.org/debug/-/debug-4.3.7.tgz. Extracting by manifest.
846 silly tarball no local data for async@https://registry.npmjs.org/async/-/async-2.6.4.tgz. Extracting by manifest.
847 silly tarball no local data for @pm2/agent@https://registry.npmjs.org/@pm2/agent/-/agent-2.0.4.tgz. Extracting by manifest.
848 silly tarball no local data for lru-cache@https://registry.npmjs.org/lru-cache/-/lru-cache-6.0.0.tgz. Extracting by manifest.
849 silly tarball no local data for semver@https://registry.npmjs.org/semver/-/semver-7.5.4.tgz. Extracting by manifest.
850 silly tarball no local data for debug@https://registry.npmjs.org/debug/-/debug-4.3.7.tgz. Extracting by manifest.
851 silly tarball no local data for dayjs@https://registry.npmjs.org/dayjs/-/dayjs-1.8.36.tgz. Extracting by manifest.
852 http fetch GET 200 https://registry.npmjs.org/git-sha1/-/git-sha1-0.1.2.tgz 1001ms (cache miss)
853 http fetch GET 200 https://registry.npmjs.org/ini/-/ini-1.3.8.tgz 1522ms (cache miss)
854 http fetch GET 200 https://registry.npmjs.org/git-node-fs/-/git-node-fs-1.0.0.tgz 1521ms (cache miss)
855 http fetch GET 200 https://registry.npmjs.org/buffer-from/-/buffer-from-1.1.2.tgz 1595ms (cache miss)
856 http fetch GET 200 https://registry.npmjs.org/has-flag/-/has-flag-4.0.0.tgz 1597ms (cache miss)
857 http fetch GET 200 https://registry.npmjs.org/bodec/-/bodec-0.1.0.tgz 1602ms (cache miss)
858 http fetch GET 200 https://registry.npmjs.org/smart-buffer/-/smart-buffer-4.2.0.tgz 1693ms (cache miss)
859 http fetch GET 200 https://registry.npmjs.org/yallist/-/yallist-4.0.0.tgz 1711ms (cache miss)
860 http fetch GET 200 https://registry.npmjs.org/path-parse/-/path-parse-1.0.7.tgz 1691ms (cache miss)
861 http fetch GET 200 https://registry.npmjs.org/json-stringify-safe/-/json-stringify-safe-5.0.1.tgz 1700ms (cache miss)
862 http fetch GET 200 https://registry.npmjs.org/supports-preserve-symlinks-flag/-/supports-preserve-symlinks-flag-1.0.0.tgz 1692ms (cache miss)
863 http fetch GET 200 https://registry.npmjs.org/escodegen/-/escodegen-2.1.0.tgz 1680ms (cache miss)
864 http fetch GET 200 https://registry.npmjs.org/culvert/-/culvert-0.1.2.tgz 1742ms (cache miss)
865 http fetch GET 200 https://registry.npmjs.org/pac-proxy-agent/-/pac-proxy-agent-7.2.0.tgz 1701ms (cache miss)
866 http fetch GET 200 https://registry.npmjs.org/is-number/-/is-number-7.0.0.tgz 1767ms (cache miss)
867 http fetch GET 200 https://registry.npmjs.org/mute-stream/-/mute-stream-0.0.8.tgz 1751ms (cache miss)
868 http fetch GET 200 https://registry.npmjs.org/module-details-from-path/-/module-details-from-path-1.0.3.tgz 1752ms (cache miss)
869 http fetch GET 200 https://registry.npmjs.org/escape-string-regexp/-/escape-string-regexp-4.0.0.tgz 1780ms (cache miss)
870 http fetch GET 200 https://registry.npmjs.org/follow-redirects/-/follow-redirects-1.15.9.tgz 1770ms (cache miss)
871 http fetch GET 200 https://registry.npmjs.org/color-name/-/color-name-1.1.4.tgz 1767ms (cache miss)
872 http fetch GET 200 https://registry.npmjs.org/read/-/read-1.0.7.tgz 1810ms (cache miss)
873 http fetch GET 200 https://registry.npmjs.org/run-series/-/run-series-1.1.9.tgz 1807ms (cache miss)
874 http fetch GET 200 https://registry.npmjs.org/color-convert/-/color-convert-2.0.1.tgz 1776ms (cache miss)
875 http fetch GET 200 https://registry.npmjs.org/is-binary-path/-/is-binary-path-2.1.0.tgz 1788ms (cache miss)
876 http fetch GET 200 https://registry.npmjs.org/estraverse/-/estraverse-5.3.0.tgz 1858ms (cache miss)
877 http fetch GET 200 https://registry.npmjs.org/http-proxy-agent/-/http-proxy-agent-7.0.2.tgz 1846ms (cache miss)
878 http fetch GET 200 https://registry.npmjs.org/amp/-/amp-0.3.1.tgz 1834ms (cache miss)
879 http fetch GET 200 https://registry.npmjs.org/binary-extensions/-/binary-extensions-2.3.0.tgz 1830ms (cache miss)
880 http fetch GET 200 https://registry.npmjs.org/fill-range/-/fill-range-7.1.1.tgz 1826ms (cache miss)
881 http fetch GET 200 https://registry.npmjs.org/charm/-/charm-0.1.2.tgz 1864ms (cache miss)
882 http fetch GET 200 https://registry.npmjs.org/amp-message/-/amp-message-0.1.2.tgz 1862ms (cache miss)
883 http fetch GET 200 https://registry.npmjs.org/is-extglob/-/is-extglob-2.1.1.tgz 1854ms (cache miss)
884 http fetch GET 200 https://registry.npmjs.org/ansi-colors/-/ansi-colors-4.1.3.tgz 1851ms (cache miss)
885 http fetch GET 200 https://registry.npmjs.org/signal-exit/-/signal-exit-3.0.7.tgz 1830ms (cache miss)
886 http fetch GET 200 https://registry.npmjs.org/vizion/-/vizion-2.2.1.tgz 1813ms (cache miss)
887 http fetch GET 200 https://registry.npmjs.org/data-uri-to-buffer/-/data-uri-to-buffer-6.0.2.tgz 1901ms (cache miss)
888 http fetch GET 200 https://registry.npmjs.org/glob-parent/-/glob-parent-5.1.2.tgz 1858ms (cache miss)
889 http fetch GET 200 https://registry.npmjs.org/braces/-/braces-3.0.3.tgz 1858ms (cache miss)
890 http fetch GET 200 https://registry.npmjs.org/normalize-path/-/normalize-path-3.0.0.tgz 1870ms (cache miss)
891 http fetch GET 200 https://registry.npmjs.org/is-glob/-/is-glob-4.0.3.tgz 1869ms (cache miss)
892 http fetch GET 200 https://registry.npmjs.org/supports-color/-/supports-color-7.2.0.tgz 1856ms (cache miss)
893 http fetch GET 200 https://registry.npmjs.org/ansi-styles/-/ansi-styles-4.3.0.tgz 1855ms (cache miss)
894 http fetch GET 200 https://registry.npmjs.org/proxy-from-env/-/proxy-from-env-1.1.0.tgz 1918ms (cache miss)
895 http fetch GET 200 https://registry.npmjs.org/anymatch/-/anymatch-3.1.3.tgz 1883ms (cache miss)
896 http fetch GET 200 https://registry.npmjs.org/proxy-agent/-/proxy-agent-6.3.1.tgz 1876ms (cache miss)
897 http fetch GET 200 https://registry.npmjs.org/require-in-the-middle/-/require-in-the-middle-5.2.0.tgz 1880ms (cache miss)
898 http fetch GET 200 https://registry.npmjs.org/pm2-deploy/-/pm2-deploy-1.0.2.tgz 1810ms (cache miss)
899 http fetch GET 200 https://registry.npmjs.org/pidusage/-/pidusage-3.0.2.tgz 1809ms (cache miss)
900 http fetch GET 200 https://registry.npmjs.org/fclone/-/fclone-1.0.11.tgz 1809ms (cache miss)
901 http fetch GET 200 https://registry.npmjs.org/https-proxy-agent/-/https-proxy-agent-7.0.6.tgz 1938ms (cache miss)
902 http fetch GET 200 https://registry.npmjs.org/readdirp/-/readdirp-3.6.0.tgz 1917ms (cache miss)
903 http fetch GET 200 https://registry.npmjs.org/shimmer/-/shimmer-1.2.1.tgz 1897ms (cache miss)
904 http fetch GET 200 https://registry.npmjs.org/eventemitter2/-/eventemitter2-0.4.14.tgz 1895ms (cache miss)
905 http fetch GET 200 https://registry.npmjs.org/debug/-/debug-3.2.7.tgz 1827ms (cache miss)
906 http fetch GET 200 https://registry.npmjs.org/mkdirp/-/mkdirp-1.0.4.tgz 1827ms (cache miss)
907 http fetch GET 200 https://registry.npmjs.org/eventemitter2/-/eventemitter2-5.0.1.tgz 1826ms (cache miss)
908 http fetch GET 200 https://registry.npmjs.org/tslib/-/tslib-1.9.3.tgz 1918ms (cache miss)
909 http fetch GET 200 https://registry.npmjs.org/pm2-axon-rpc/-/pm2-axon-rpc-0.7.1.tgz 1846ms (cache miss)
910 http fetch GET 200 https://registry.npmjs.org/cli-tableau/-/cli-tableau-2.0.1.tgz 1839ms (cache miss)
911 http fetch GET 200 https://registry.npmjs.org/@pm2/pm2-version-check/-/pm2-version-check-1.0.4.tgz 1836ms (cache miss)
912 http fetch GET 200 https://registry.npmjs.org/jsbn/-/jsbn-1.1.0.tgz 2006ms (cache miss)
913 http fetch GET 200 https://registry.npmjs.org/pm2-multimeter/-/pm2-multimeter-0.1.2.tgz 1867ms (cache miss)
914 http fetch GET 200 https://registry.npmjs.org/eventemitter2/-/eventemitter2-6.4.9.tgz 1853ms (cache miss)
915 http fetch GET 200 https://registry.npmjs.org/is-core-module/-/is-core-module-2.16.1.tgz 2021ms (cache miss)
916 http fetch GET 200 https://registry.npmjs.org/to-regex-range/-/to-regex-range-5.0.1.tgz 1981ms (cache miss)
917 http fetch GET 200 https://registry.npmjs.org/pidusage/-/pidusage-2.0.21.tgz 1890ms (cache miss)
918 http fetch GET 200 https://registry.npmjs.org/promptly/-/promptly-2.2.0.tgz 1892ms (cache miss)
919 http fetch GET 200 https://registry.npmjs.org/debug/-/debug-4.4.0.tgz 1881ms (cache miss)
920 http fetch GET 200 https://registry.npmjs.org/lru-cache/-/lru-cache-6.0.0.tgz 1867ms (cache miss)
921 http fetch GET 200 https://registry.npmjs.org/tslib/-/tslib-2.8.1.tgz 2025ms (cache miss)
922 http fetch GET 200 https://registry.npmjs.org/sprintf-js/-/sprintf-js-1.1.2.tgz 1930ms (cache miss)
923 http fetch GET 200 https://registry.npmjs.org/chokidar/-/chokidar-3.6.0.tgz 1893ms (cache miss)
924 http fetch GET 200 https://registry.npmjs.org/chalk/-/chalk-3.0.0.tgz 1893ms (cache miss)
925 http fetch GET 200 https://registry.npmjs.org/debug/-/debug-4.3.7.tgz 1884ms (cache miss)
926 http fetch GET 200 https://registry.npmjs.org/netmask/-/netmask-2.0.2.tgz 2037ms (cache miss)
927 http fetch GET 200 https://registry.npmjs.org/esprima/-/esprima-4.0.1.tgz 2040ms (cache miss)
928 http fetch GET 200 https://registry.npmjs.org/tv4/-/tv4-1.3.0.tgz 2022ms (cache miss)
929 http fetch GET 200 https://registry.npmjs.org/socks-proxy-agent/-/socks-proxy-agent-8.0.5.tgz 2041ms (cache miss)
930 http fetch GET 200 https://registry.npmjs.org/commander/-/commander-2.15.1.tgz 1917ms (cache miss)
931 http fetch GET 200 https://registry.npmjs.org/eventemitter2/-/eventemitter2-6.4.9.tgz 1901ms (cache miss)
932 http fetch GET 200 https://registry.npmjs.org/sprintf-js/-/sprintf-js-1.1.3.tgz 2076ms (cache miss)
933 http fetch GET 200 https://registry.npmjs.org/lru-cache/-/lru-cache-6.0.0.tgz 1902ms (cache miss)
934 http fetch GET 200 https://registry.npmjs.org/sax/-/sax-1.4.1.tgz 2043ms (cache miss)
935 http fetch GET 200 https://registry.npmjs.org/debug/-/debug-4.3.7.tgz 1920ms (cache miss)
936 http fetch GET 200 https://registry.npmjs.org/debug/-/debug-4.3.7.tgz 1910ms (cache miss)
937 http fetch GET 200 https://registry.npmjs.org/degenerator/-/degenerator-5.0.1.tgz 2082ms (cache miss)
938 http fetch GET 200 https://registry.npmjs.org/lazy/-/lazy-1.0.11.tgz 2065ms (cache miss)
939 http fetch GET 200 https://registry.npmjs.org/agent-base/-/agent-base-7.1.3.tgz 2091ms (cache miss)
940 http fetch GET 200 https://registry.npmjs.org/pm2-sysmonit/-/pm2-sysmonit-1.2.8.tgz 1985ms (cache miss)
941 http fetch GET 200 https://registry.npmjs.org/source-map-support/-/source-map-support-0.5.21.tgz 2017ms (cache miss)
942 http fetch GET 200 https://registry.npmjs.org/picomatch/-/picomatch-2.3.1.tgz 2100ms (cache miss)
943 http fetch GET 200 https://registry.npmjs.org/ws/-/ws-7.5.10.tgz 2078ms (cache miss)
944 http fetch GET 200 https://registry.npmjs.org/tx2/-/tx2-1.0.5.tgz 2153ms (cache miss)
945 http fetch GET 200 https://registry.npmjs.org/nssocket/-/nssocket-0.6.0.tgz 2111ms (cache miss)
946 http fetch GET 200 https://registry.npmjs.org/pm2-axon/-/pm2-axon-4.0.1.tgz 2086ms (cache miss)
947 http fetch GET 200 https://registry.npmjs.org/get-uri/-/get-uri-6.0.4.tgz 2217ms (cache miss)
948 http fetch GET 200 https://registry.npmjs.org/croner/-/croner-4.1.97.tgz 2095ms (cache miss)
949 http fetch GET 200 https://registry.npmjs.org/lru-cache/-/lru-cache-7.18.3.tgz 2242ms (cache miss)
950 http fetch GET 200 https://registry.npmjs.org/fast-json-patch/-/fast-json-patch-3.1.1.tgz 2262ms (cache miss)
951 http fetch GET 200 https://registry.npmjs.org/basic-ftp/-/basic-ftp-5.0.5.tgz 2329ms (cache miss)
952 http fetch GET 200 https://registry.npmjs.org/ip-address/-/ip-address-9.0.5.tgz 2415ms (cache miss)
953 http fetch GET 200 https://registry.npmjs.org/@pm2/agent/-/agent-2.0.4.tgz 2237ms (cache miss)
954 http fetch GET 200 https://registry.npmjs.org/semver/-/semver-7.7.1.tgz 2357ms (cache miss)
955 http fetch GET 200 https://registry.npmjs.org/semver/-/semver-7.5.4.tgz 2326ms (cache miss)
956 http fetch GET 200 https://registry.npmjs.org/needle/-/needle-2.4.0.tgz 2376ms (cache miss)
957 http fetch GET 200 https://registry.npmjs.org/semver/-/semver-7.5.4.tgz 2359ms (cache miss)
958 http fetch GET 200 https://registry.npmjs.org/socks/-/socks-2.8.4.tgz 2559ms (cache miss)
959 http fetch GET 200 https://registry.npmjs.org/pac-resolver/-/pac-resolver-7.0.1.tgz 2555ms (cache miss)
960 http fetch GET 200 https://registry.npmjs.org/enquirer/-/enquirer-2.3.6.tgz 2455ms (cache miss)
961 http fetch GET 200 https://registry.npmjs.org/systeminformation/-/systeminformation-5.25.11.tgz 2596ms (cache miss)
962 http fetch GET 200 https://registry.npmjs.org/@pm2/js-api/-/js-api-0.8.0.tgz 2508ms (cache miss)
963 http fetch GET 200 https://registry.npmjs.org/extrareqp2/-/extrareqp2-1.0.0.tgz 2625ms (cache miss)
964 http fetch GET 200 https://registry.npmjs.org/js-git/-/js-git-0.7.8.tgz 2726ms (cache miss)
965 http fetch GET 200 https://registry.npmjs.org/pako/-/pako-0.2.9.tgz 2745ms (cache miss)
966 http fetch GET 200 https://registry.npmjs.org/ast-types/-/ast-types-0.13.4.tgz 2719ms (cache miss)
967 http fetch GET 200 https://registry.npmjs.org/source-map/-/source-map-0.6.1.tgz 2765ms (cache miss)
968 http fetch GET 200 https://registry.npmjs.org/@pm2/io/-/io-6.0.1.tgz 2797ms (cache miss)
969 http fetch GET 200 https://registry.npmjs.org/async/-/async-2.6.4.tgz 2825ms (cache miss)
970 http fetch GET 200 https://registry.npmjs.org/async/-/async-2.6.4.tgz 2844ms (cache miss)
971 http fetch GET 200 https://registry.npmjs.org/async/-/async-2.6.4.tgz 2923ms (cache miss)
972 http fetch GET 200 https://registry.npmjs.org/resolve/-/resolve-1.22.10.tgz 3061ms (cache miss)
973 http fetch GET 200 https://registry.npmjs.org/pm2/-/pm2-5.4.3.tgz 3099ms (cache miss)
974 http fetch GET 200 https://registry.npmjs.org/blessed/-/blessed-0.1.81.tgz 2926ms (cache miss)
975 http fetch GET 200 https://registry.npmjs.org/async/-/async-3.2.6.tgz 2936ms (cache miss)
976 http fetch GET 200 https://registry.npmjs.org/@tootallnate/quickjs-emscripten/-/quickjs-emscripten-0.23.0.tgz 3074ms (cache miss)
977 http fetch GET 200 https://registry.npmjs.org/dayjs/-/dayjs-1.8.36.tgz 3174ms (cache miss)
978 http fetch GET 200 https://registry.npmjs.org/dayjs/-/dayjs-1.11.13.tgz 3266ms (cache miss)
979 http fetch GET 200 https://registry.npmjs.org/lodash/-/lodash-4.17.21.tgz 3674ms (cache miss)
980 silly ADD node_modules/pm2
981 silly ADD node_modules/pm2/node_modules/lodash
982 silly ADD node_modules/pm2/node_modules/yallist
983 silly ADD node_modules/pm2/node_modules/pako
984 silly ADD node_modules/pm2/node_modules/git-sha1
985 silly ADD node_modules/pm2/node_modules/culvert
986 silly ADD node_modules/pm2/node_modules/bodec
987 silly ADD node_modules/pm2/node_modules/js-git
988 silly ADD node_modules/pm2/node_modules/ini
989 silly ADD node_modules/pm2/node_modules/git-node-fs
990 silly ADD node_modules/pm2/node_modules/json-stringify-safe
991 silly ADD node_modules/pm2/node_modules/is-number
992 silly ADD node_modules/pm2/node_modules/has-flag
993 silly ADD node_modules/pm2/node_modules/buffer-from
994 silly ADD node_modules/pm2/node_modules/jsbn
995 silly ADD node_modules/pm2/node_modules/smart-buffer
996 silly ADD node_modules/pm2/node_modules/ip-address
997 silly ADD node_modules/pm2/node_modules/ip-address/node_modules/sprintf-js
998 silly ADD node_modules/pm2/node_modules/socks
999 silly ADD node_modules/pm2/node_modules/function-bind
1000 silly ADD node_modules/pm2/node_modules/hasown
1001 silly ADD node_modules/pm2/node_modules/supports-preserve-symlinks-flag
1002 silly ADD node_modules/pm2/node_modules/path-parse
1003 silly ADD node_modules/pm2/node_modules/is-core-module
1004 silly ADD node_modules/pm2/node_modules/resolve
1005 silly ADD node_modules/pm2/node_modules/module-details-from-path
1006 silly ADD node_modules/pm2/node_modules/mute-stream
1007 silly ADD node_modules/pm2/node_modules/source-map
1008 silly ADD node_modules/pm2/node_modules/esutils
1009 silly ADD node_modules/pm2/node_modules/estraverse
1010 silly ADD node_modules/pm2/node_modules/esprima
1011 silly ADD node_modules/pm2/node_modules/escodegen
1012 silly ADD node_modules/pm2/node_modules/ast-types
1013 silly ADD node_modules/pm2/node_modules/ast-types/node_modules/tslib
1014 silly ADD node_modules/pm2/node_modules/netmask
1015 silly ADD node_modules/pm2/node_modules/degenerator
1016 silly ADD node_modules/pm2/node_modules/data-uri-to-buffer
1017 silly ADD node_modules/pm2/node_modules/basic-ftp
1018 silly ADD node_modules/pm2/node_modules/pac-resolver
1019 silly ADD node_modules/pm2/node_modules/get-uri
1020 silly ADD node_modules/pm2/node_modules/@tootallnate/quickjs-emscripten
1021 silly ADD node_modules/pm2/node_modules/socks-proxy-agent
1022 silly ADD node_modules/pm2/node_modules/proxy-from-env
1023 silly ADD node_modules/pm2/node_modules/pac-proxy-agent
1024 silly ADD node_modules/pm2/node_modules/lru-cache
1025 silly ADD node_modules/pm2/node_modules/https-proxy-agent
1026 silly ADD node_modules/pm2/node_modules/http-proxy-agent
1027 silly ADD node_modules/pm2/node_modules/agent-base
1028 silly ADD node_modules/pm2/node_modules/read
1029 silly ADD node_modules/pm2/node_modules/tx2
1030 silly ADD node_modules/pm2/node_modules/systeminformation
1031 silly ADD node_modules/pm2/node_modules/charm
1032 silly ADD node_modules/pm2/node_modules/tv4
1033 silly ADD node_modules/pm2/node_modules/run-series
1034 silly ADD node_modules/pm2/node_modules/escape-string-regexp
1035 silly ADD node_modules/pm2/node_modules/amp-message
1036 silly ADD node_modules/pm2/node_modules/amp
1037 silly ADD node_modules/pm2/node_modules/safe-buffer
1038 silly ADD node_modules/pm2/node_modules/lazy
1039 silly ADD node_modules/pm2/node_modules/safer-buffer
1040 silly ADD node_modules/pm2/node_modules/sax
1041 silly ADD node_modules/pm2/node_modules/iconv-lite
1042 silly ADD node_modules/pm2/node_modules/argparse
1043 silly ADD node_modules/pm2/node_modules/is-extglob
1044 silly ADD node_modules/pm2/node_modules/binary-extensions
1045 silly ADD node_modules/pm2/node_modules/to-regex-range
1046 silly ADD node_modules/pm2/node_modules/follow-redirects
1047 silly ADD node_modules/pm2/node_modules/ansi-colors
1048 silly ADD node_modules/pm2/node_modules/ms
1049 silly ADD node_modules/pm2/node_modules/color-name
1050 silly ADD node_modules/pm2/node_modules/fill-range
1051 silly ADD node_modules/pm2/node_modules/picomatch
1052 silly ADD node_modules/pm2/node_modules/readdirp
1053 silly ADD node_modules/pm2/node_modules/normalize-path
1054 silly ADD node_modules/pm2/node_modules/is-glob
1055 silly ADD node_modules/pm2/node_modules/is-binary-path
1056 silly ADD node_modules/pm2/node_modules/glob-parent
1057 silly ADD
1058 silly ADD node_modules/pm2/node_modules/braces
1059 silly ADD node_modules/pm2/node_modules/anymatch
1060 silly ADD node_modules/pm2/node_modules/color-convert
1061 silly ADD node_modules/pm2/node_modules/supports-color
1062 silly ADD node_modules/pm2/node_modules/ansi-styles
1063 silly ADD node_modules/pm2/node_modules/extrareqp2
1064 silly ADD node_modules/pm2/node_modules/tslib
1065 silly ADD node_modules/pm2/node_modules/signal-exit
1066 silly ADD node_modules/pm2/node_modules/shimmer
1067 silly ADD node_modules/pm2/node_modules/require-in-the-middle
1068 silly ADD node_modules/pm2/node_modules/ws
1069 silly ADD node_modules/pm2/node_modules/proxy-agent
1070 silly ADD node_modules/pm2/node_modules/nssocket
1071 silly ADD node_modules/pm2/node_modules/nssocket/node_modules/eventemitter2
1072 silly ADD node_modules/pm2/node_modules/fast-json-patch
1073 silly ADD node_modules/pm2/node_modules/vizion
1074 silly ADD node_modules/pm2/node_modules/vizion/node_modules/async
1075 silly ADD node_modules/pm2/node_modules/sprintf-js
1076 silly ADD node_modules/pm2/node_modules/source-map-support
1077 silly ADD node_modules/pm2/node_modules/semver
1078 silly ADD node_modules/pm2/node_modules/promptly
1079 silly ADD node_modules/pm2/node_modules/pm2-sysmonit
1080 silly ADD node_modules/pm2/node_modules/pm2-sysmonit/node_modules/pidusage
1081 silly ADD node_modules/pm2/node_modules/pm2-multimeter
1082 silly ADD node_modules/pm2/node_modules/pm2-deploy
1083 silly ADD node_modules/pm2/node_modules/pm2-axon-rpc
1084 silly ADD node_modules/pm2/node_modules/pm2-axon
1085 silly ADD node_modules/pm2/node_modules/pidusage
1086 silly ADD node_modules/pm2/node_modules/needle
1087 silly ADD node_modules/pm2/node_modules/needle/node_modules/debug
1088 silly ADD node_modules/pm2/node_modules/mkdirp
1089 silly ADD node_modules/pm2/node_modules/js-yaml
1090 silly ADD node_modules/pm2/node_modules/fclone
1091 silly ADD node_modules/pm2/node_modules/eventemitter2
1092 silly ADD node_modules/pm2/node_modules/enquirer
1093 silly ADD node_modules/pm2/node_modules/debug
1094 silly ADD node_modules/pm2/node_modules/dayjs
1095 silly ADD node_modules/pm2/node_modules/croner
1096 silly ADD node_modules/pm2/node_modules/commander
1097 silly ADD node_modules/pm2/node_modules/cli-tableau
1098 silly ADD node_modules/pm2/node_modules/chokidar
1099 silly ADD node_modules/pm2/node_modules/chalk
1100 silly ADD node_modules/pm2/node_modules/blessed
1101 silly ADD node_modules/pm2/node_modules/async
1102 silly ADD node_modules/pm2/node_modules/@pm2/pm2-version-check
1103 silly ADD node_modules/pm2/node_modules/@pm2/js-api
1104 silly ADD node_modules/pm2/node_modules/@pm2/js-api/node_modules/eventemitter2
1105 silly ADD node_modules/pm2/node_modules/@pm2/js-api/node_modules/debug
1106 silly ADD node_modules/pm2/node_modules/@pm2/js-api/node_modules/async
1107 silly ADD node_modules/pm2/node_modules/@pm2/io
1108 silly ADD node_modules/pm2/node_modules/@pm2/io/node_modules/lru-cache
1109 silly ADD node_modules/pm2/node_modules/@pm2/io/node_modules/semver
1110 silly ADD node_modules/pm2/node_modules/@pm2/io/node_modules/eventemitter2
1111 silly ADD node_modules/pm2/node_modules/@pm2/io/node_modules/debug
1112 silly ADD node_modules/pm2/node_modules/@pm2/io/node_modules/async
1113 silly ADD node_modules/pm2/node_modules/@pm2/agent
1114 silly ADD node_modules/pm2/node_modules/@pm2/agent/node_modules/lru-cache
1115 silly ADD node_modules/pm2/node_modules/@pm2/agent/node_modules/semver
1116 silly ADD node_modules/pm2/node_modules/@pm2/agent/node_modules/debug
1117 silly ADD node_modules/pm2/node_modules/@pm2/agent/node_modules/dayjs
1118 verbose cwd /root
1119 verbose os Linux 5.14.0-325.el9.x86_64
1120 verbose node v18.20.6
1121 verbose npm  v10.8.2
1122 verbose exit 0
1123 info ok
